[2024-09-24 20:00:23,604][flwr][INFO] - Starting Flower simulation, config: num_rounds=100, no round_timeout
[2024-09-24 20:00:27,948][flwr][INFO] - Flower VCE: Ray initialized with resources: {'CPU': 256.0, 'node:__internal_head__': 1.0, 'node:115.145.172.224': 1.0, 'object_store_memory': 76412618342.0, 'memory': 168296109466.0, 'GPU': 1.0, 'accelerator_type:G': 1.0}
[2024-09-24 20:00:27,949][flwr][INFO] - Optimize your simulation with Flower VCE: https://flower.ai/docs/framework/how-to-run-simulations.html
[2024-09-24 20:00:27,949][flwr][INFO] - Flower VCE: Resources for each Virtual Client: {'num_cpus': 16, 'num_gpus': 0.5}
[2024-09-24 20:00:27,966][flwr][INFO] - Flower VCE: Creating VirtualClientEngineActorPool with 2 actors
[2024-09-24 20:00:27,966][flwr][INFO] - [INIT]
[2024-09-24 20:00:27,966][flwr][INFO] - Requesting initial parameters from one random client
[2024-09-24 20:00:34,654][flwr][INFO] - Received initial parameters from one random client
[2024-09-24 20:00:34,654][flwr][INFO] - Evaluating initial global parameters
[2024-09-24 20:00:46,283][flwr][INFO] - initial parameters (loss, other metrics): 223.72528529167175, {'accuracy': 0.1157556270096463}
[2024-09-24 20:00:46,284][flwr][INFO] - 
[2024-09-24 20:00:46,284][flwr][INFO] - [ROUND 1]
[2024-09-24 20:00:46,285][flwr][INFO] - configure_fit: strategy sampled 5 clients (out of 50)
[2024-09-24 20:01:04,852][flwr][INFO] - aggregate_fit: received 5 results and 0 failures
[2024-09-24 20:01:06,445][flwr][WARNING] - No fit_metrics_aggregation_fn provided
[2024-09-24 20:01:15,966][flwr][INFO] - fit progress: (1, 238.84025645256042, {'accuracy': 0.07132417421806489}, 29.68153427215293)
[2024-09-24 20:01:15,967][flwr][INFO] - configure_evaluate: strategy sampled 2 clients (out of 50)
[2024-09-24 20:01:18,404][flwr][INFO] - aggregate_evaluate: received 2 results and 0 failures
[2024-09-24 20:01:18,404][flwr][INFO] - 
[2024-09-24 20:01:18,404][flwr][INFO] - [ROUND 2]
[2024-09-24 20:01:18,404][flwr][INFO] - configure_fit: strategy sampled 5 clients (out of 50)
[2024-09-24 20:01:40,143][flwr][INFO] - aggregate_fit: received 5 results and 0 failures
[2024-09-24 20:01:51,852][flwr][INFO] - fit progress: (2, 219.51643192768097, {'accuracy': 0.1824028061970184}, 65.56794482795522)
[2024-09-24 20:01:51,853][flwr][INFO] - configure_evaluate: strategy sampled 2 clients (out of 50)
[2024-09-24 20:01:54,278][flwr][INFO] - aggregate_evaluate: received 2 results and 0 failures
[2024-09-24 20:01:54,279][flwr][INFO] - 
[2024-09-24 20:01:54,279][flwr][INFO] - [ROUND 3]
[2024-09-24 20:01:54,279][flwr][INFO] - configure_fit: strategy sampled 5 clients (out of 50)
[2024-09-24 20:02:08,247][flwr][INFO] - aggregate_fit: received 5 results and 0 failures
[2024-09-24 20:02:19,500][flwr][INFO] - fit progress: (3, 274.9546945095062, {'accuracy': 0.1373867290266004}, 93.21612850530073)
[2024-09-24 20:02:19,501][flwr][INFO] - configure_evaluate: strategy sampled 2 clients (out of 50)
[2024-09-24 20:02:22,307][flwr][INFO] - aggregate_evaluate: received 2 results and 0 failures
[2024-09-24 20:02:22,308][flwr][INFO] - 
[2024-09-24 20:02:22,308][flwr][INFO] - [ROUND 4]
[2024-09-24 20:02:22,308][flwr][INFO] - configure_fit: strategy sampled 5 clients (out of 50)
[2024-09-24 20:02:36,389][flwr][INFO] - aggregate_fit: received 5 results and 0 failures
[2024-09-24 20:02:47,388][flwr][INFO] - fit progress: (4, 225.40286326408386, {'accuracy': 0.07132417421806489}, 121.10356849199161)
[2024-09-24 20:02:47,388][flwr][INFO] - configure_evaluate: strategy sampled 2 clients (out of 50)
[2024-09-24 20:02:49,707][flwr][INFO] - aggregate_evaluate: received 2 results and 0 failures
[2024-09-24 20:02:49,707][flwr][INFO] - 
[2024-09-24 20:02:49,707][flwr][INFO] - [ROUND 5]
[2024-09-24 20:02:49,708][flwr][INFO] - configure_fit: strategy sampled 5 clients (out of 50)
[2024-09-24 20:03:08,039][flwr][INFO] - aggregate_fit: received 5 results and 0 failures
[2024-09-24 20:03:19,664][flwr][INFO] - fit progress: (5, 233.85826063156128, {'accuracy': 0.07132417421806489}, 153.38006717897952)
[2024-09-24 20:03:19,665][flwr][INFO] - configure_evaluate: strategy sampled 2 clients (out of 50)
[2024-09-24 20:03:22,356][flwr][INFO] - aggregate_evaluate: received 2 results and 0 failures
[2024-09-24 20:03:22,357][flwr][INFO] - 
[2024-09-24 20:03:22,357][flwr][INFO] - [ROUND 6]
[2024-09-24 20:03:22,357][flwr][INFO] - configure_fit: strategy sampled 5 clients (out of 50)
[2024-09-24 20:03:34,087][flwr][INFO] - aggregate_fit: received 5 results and 0 failures
[2024-09-24 20:03:45,616][flwr][INFO] - fit progress: (6, 604.527473449707, {'accuracy': 0.08301666179479684}, 179.33158146124333)
[2024-09-24 20:03:45,616][flwr][INFO] - configure_evaluate: strategy sampled 2 clients (out of 50)
[2024-09-24 20:03:48,180][flwr][INFO] - aggregate_evaluate: received 2 results and 0 failures
[2024-09-24 20:03:48,181][flwr][INFO] - 
[2024-09-24 20:03:48,181][flwr][INFO] - [ROUND 7]
[2024-09-24 20:03:48,181][flwr][INFO] - configure_fit: strategy sampled 5 clients (out of 50)
[2024-09-24 20:04:00,664][flwr][INFO] - aggregate_fit: received 5 results and 0 failures
[2024-09-24 20:04:12,792][flwr][INFO] - fit progress: (7, 233.15039038658142, {'accuracy': 0.1373867290266004}, 206.5073376223445)
[2024-09-24 20:04:12,793][flwr][INFO] - configure_evaluate: strategy sampled 2 clients (out of 50)
[2024-09-24 20:04:15,027][flwr][INFO] - aggregate_evaluate: received 2 results and 0 failures
[2024-09-24 20:04:15,027][flwr][INFO] - 
[2024-09-24 20:04:15,027][flwr][INFO] - [ROUND 8]
[2024-09-24 20:04:15,027][flwr][INFO] - configure_fit: strategy sampled 5 clients (out of 50)
[2024-09-24 20:04:29,254][flwr][INFO] - aggregate_fit: received 5 results and 0 failures
[2024-09-24 20:04:41,188][flwr][INFO] - fit progress: (8, 265.6145107746124, {'accuracy': 0.1824028061970184}, 234.90369711397216)
[2024-09-24 20:04:41,189][flwr][INFO] - configure_evaluate: strategy sampled 2 clients (out of 50)
[2024-09-24 20:04:43,712][flwr][INFO] - aggregate_evaluate: received 2 results and 0 failures
[2024-09-24 20:04:43,713][flwr][INFO] - 
[2024-09-24 20:04:43,713][flwr][INFO] - [ROUND 9]
[2024-09-24 20:04:43,713][flwr][INFO] - configure_fit: strategy sampled 5 clients (out of 50)
[2024-09-24 20:04:59,375][flwr][INFO] - aggregate_fit: received 5 results and 0 failures
[2024-09-24 20:05:11,073][flwr][INFO] - fit progress: (9, 226.70502424240112, {'accuracy': 0.16924875767319497}, 264.7884009582922)
[2024-09-24 20:05:11,073][flwr][INFO] - configure_evaluate: strategy sampled 2 clients (out of 50)
[2024-09-24 20:05:13,354][flwr][INFO] - aggregate_evaluate: received 2 results and 0 failures
[2024-09-24 20:05:13,354][flwr][INFO] - 
[2024-09-24 20:05:13,354][flwr][INFO] - [ROUND 10]
[2024-09-24 20:05:13,354][flwr][INFO] - configure_fit: strategy sampled 5 clients (out of 50)
[2024-09-24 20:05:31,066][flwr][INFO] - aggregate_fit: received 5 results and 0 failures
[2024-09-24 20:05:42,756][flwr][INFO] - fit progress: (10, 233.3502470254898, {'accuracy': 0.07132417421806489}, 296.4714033822529)
[2024-09-24 20:05:42,756][flwr][INFO] - configure_evaluate: strategy sampled 2 clients (out of 50)
[2024-09-24 20:05:45,598][flwr][INFO] - aggregate_evaluate: received 2 results and 0 failures
[2024-09-24 20:05:45,598][flwr][INFO] - 
[2024-09-24 20:05:45,598][flwr][INFO] - [ROUND 11]
[2024-09-24 20:05:45,598][flwr][INFO] - configure_fit: strategy sampled 5 clients (out of 50)
[2024-09-24 20:06:04,258][flwr][INFO] - aggregate_fit: received 5 results and 0 failures
[2024-09-24 20:06:15,689][flwr][INFO] - fit progress: (11, 282.50039553642273, {'accuracy': 0.1824028061970184}, 329.4050116003491)
[2024-09-24 20:06:15,691][flwr][INFO] - configure_evaluate: strategy sampled 2 clients (out of 50)
[2024-09-24 20:06:18,573][flwr][INFO] - aggregate_evaluate: received 2 results and 0 failures
[2024-09-24 20:06:18,574][flwr][INFO] - 
[2024-09-24 20:06:18,574][flwr][INFO] - [ROUND 12]
[2024-09-24 20:06:18,574][flwr][INFO] - configure_fit: strategy sampled 5 clients (out of 50)
[2024-09-24 20:06:31,062][flwr][INFO] - aggregate_fit: received 5 results and 0 failures
[2024-09-24 20:06:42,114][flwr][INFO] - fit progress: (12, 229.61304533481598, {'accuracy': 0.1373867290266004}, 355.8298736154102)
[2024-09-24 20:06:42,115][flwr][INFO] - configure_evaluate: strategy sampled 2 clients (out of 50)
[2024-09-24 20:06:44,610][flwr][INFO] - aggregate_evaluate: received 2 results and 0 failures
[2024-09-24 20:06:44,611][flwr][INFO] - 
[2024-09-24 20:06:44,611][flwr][INFO] - [ROUND 13]
[2024-09-24 20:06:44,611][flwr][INFO] - configure_fit: strategy sampled 5 clients (out of 50)
[2024-09-24 20:06:57,818][flwr][INFO] - aggregate_fit: received 5 results and 0 failures
[2024-09-24 20:07:09,401][flwr][INFO] - fit progress: (13, 352.83702087402344, {'accuracy': 0.16924875767319497}, 383.1163860382512)
[2024-09-24 20:07:09,401][flwr][INFO] - configure_evaluate: strategy sampled 2 clients (out of 50)
[2024-09-24 20:07:11,889][flwr][INFO] - aggregate_evaluate: received 2 results and 0 failures
[2024-09-24 20:07:11,889][flwr][INFO] - 
[2024-09-24 20:07:11,889][flwr][INFO] - [ROUND 14]
[2024-09-24 20:07:11,890][flwr][INFO] - configure_fit: strategy sampled 5 clients (out of 50)
[2024-09-24 20:07:25,497][flwr][INFO] - aggregate_fit: received 5 results and 0 failures
[2024-09-24 20:07:39,115][flwr][INFO] - fit progress: (14, 216.69471192359924, {'accuracy': 0.1824028061970184}, 412.8312331191264)
[2024-09-24 20:07:39,116][flwr][INFO] - configure_evaluate: strategy sampled 2 clients (out of 50)
[2024-09-24 20:07:41,673][flwr][INFO] - aggregate_evaluate: received 2 results and 0 failures
[2024-09-24 20:07:41,674][flwr][INFO] - 
[2024-09-24 20:07:41,674][flwr][INFO] - [ROUND 15]
[2024-09-24 20:07:41,674][flwr][INFO] - configure_fit: strategy sampled 5 clients (out of 50)
[2024-09-24 20:07:53,795][flwr][INFO] - aggregate_fit: received 5 results and 0 failures
[2024-09-24 20:08:06,136][flwr][INFO] - fit progress: (15, 306.8109211921692, {'accuracy': 0.16924875767319497}, 439.85150560503826)
[2024-09-24 20:08:06,136][flwr][INFO] - configure_evaluate: strategy sampled 2 clients (out of 50)
[2024-09-24 20:08:08,437][flwr][INFO] - aggregate_evaluate: received 2 results and 0 failures
[2024-09-24 20:08:08,437][flwr][INFO] - 
[2024-09-24 20:08:08,437][flwr][INFO] - [ROUND 16]
[2024-09-24 20:08:08,437][flwr][INFO] - configure_fit: strategy sampled 5 clients (out of 50)
[2024-09-24 20:08:26,726][flwr][INFO] - aggregate_fit: received 5 results and 0 failures
[2024-09-24 20:08:38,211][flwr][INFO] - fit progress: (16, 261.4267474412918, {'accuracy': 0.16924875767319497}, 471.92714585829526)
[2024-09-24 20:08:38,212][flwr][INFO] - configure_evaluate: strategy sampled 2 clients (out of 50)
[2024-09-24 20:08:40,639][flwr][INFO] - aggregate_evaluate: received 2 results and 0 failures
[2024-09-24 20:08:40,640][flwr][INFO] - 
[2024-09-24 20:08:40,640][flwr][INFO] - [ROUND 17]
[2024-09-24 20:08:40,640][flwr][INFO] - configure_fit: strategy sampled 5 clients (out of 50)
[2024-09-24 20:08:54,792][flwr][INFO] - aggregate_fit: received 5 results and 0 failures
[2024-09-24 20:09:06,665][flwr][INFO] - fit progress: (17, 228.76387238502502, {'accuracy': 0.16924875767319497}, 500.3808846650645)
[2024-09-24 20:09:06,666][flwr][INFO] - configure_evaluate: strategy sampled 2 clients (out of 50)
[2024-09-24 20:09:08,028][flwr][ERROR] - Traceback (most recent call last):
  File "/home/abdenour/.local/lib/python3.10/site-packages/flwr/simulation/ray_transport/ray_client_proxy.py", line 94, in _submit_job
    out_mssg, updated_context = self.actor_pool.get_client_result(
  File "/home/abdenour/.local/lib/python3.10/site-packages/flwr/simulation/ray_transport/ray_actor.py", line 398, in get_client_result
    return self._fetch_future_result(cid)
  File "/home/abdenour/.local/lib/python3.10/site-packages/flwr/simulation/ray_transport/ray_actor.py", line 279, in _fetch_future_result
    res_cid, out_mssg, updated_context = ray.get(
  File "/home/abdenour/.local/lib/python3.10/site-packages/ray/_private/auto_init_hook.py", line 21, in auto_init_wrapper
    return fn(*args, **kwargs)
  File "/home/abdenour/.local/lib/python3.10/site-packages/ray/_private/client_mode_hook.py", line 103, in wrapper
    return func(*args, **kwargs)
  File "/home/abdenour/.local/lib/python3.10/site-packages/ray/_private/worker.py", line 2667, in get
    values, debugger_breakpoint = worker.get_objects(object_refs, timeout=timeout)
  File "/home/abdenour/.local/lib/python3.10/site-packages/ray/_private/worker.py", line 864, in get_objects
    raise value.as_instanceof_cause()
ray.exceptions.RayTaskError(ClientAppException): [36mray::ClientAppActor.run()[39m (pid=1171219, ip=115.145.172.224, actor_id=51c21f74693fc7fafa94c52401000000, repr=<flwr.simulation.ray_transport.ray_actor.ClientAppActor object at 0x7f610c2957e0>)
  File "/home/abdenour/.local/lib/python3.10/site-packages/flwr/client/client_app.py", line 143, in __call__
    return self._call(message, context)
  File "/home/abdenour/.local/lib/python3.10/site-packages/flwr/client/client_app.py", line 126, in ffn
    out_message = handle_legacy_message_from_msgtype(
  File "/home/abdenour/.local/lib/python3.10/site-packages/flwr/client/message_handler/message_handler.py", line 95, in handle_legacy_message_from_msgtype
    client = client_fn(context)
  File "/home/abdenour/fl_with_flower/fedavg_vgg16/fedavg_vgg16/client.py", line 92, in client_fn
    client_dataset_splits = client_dataset.train_test_split(test_size=0.1, seed=42)
  File "/home/abdenour/.local/lib/python3.10/site-packages/datasets/arrow_dataset.py", line 567, in wrapper
    out: Union["Dataset", "DatasetDict"] = func(self, *args, **kwargs)
  File "/home/abdenour/.local/lib/python3.10/site-packages/datasets/fingerprint.py", line 482, in wrapper
    out = func(dataset, *args, **kwargs)
  File "/home/abdenour/.local/lib/python3.10/site-packages/datasets/arrow_dataset.py", line 4587, in train_test_split
    raise ValueError(
ValueError: With n_samples=1, test_size=0.1 and train_size=None, the resulting train set will be empty. Adjust any of the aforementioned parameters.

The above exception was the direct cause of the following exception:

[36mray::ClientAppActor.run()[39m (pid=1171219, ip=115.145.172.224, actor_id=51c21f74693fc7fafa94c52401000000, repr=<flwr.simulation.ray_transport.ray_actor.ClientAppActor object at 0x7f610c2957e0>)
  File "/home/abdenour/.local/lib/python3.10/site-packages/flwr/simulation/ray_transport/ray_actor.py", line 63, in run
    raise ClientAppException(str(ex)) from ex
flwr.client.client_app.ClientAppException: 
Exception ClientAppException occurred. Message: With n_samples=1, test_size=0.1 and train_size=None, the resulting train set will be empty. Adjust any of the aforementioned parameters.

[2024-09-24 20:09:08,028][flwr][ERROR] - [36mray::ClientAppActor.run()[39m (pid=1171219, ip=115.145.172.224, actor_id=51c21f74693fc7fafa94c52401000000, repr=<flwr.simulation.ray_transport.ray_actor.ClientAppActor object at 0x7f610c2957e0>)
  File "/home/abdenour/.local/lib/python3.10/site-packages/flwr/client/client_app.py", line 143, in __call__
    return self._call(message, context)
  File "/home/abdenour/.local/lib/python3.10/site-packages/flwr/client/client_app.py", line 126, in ffn
    out_message = handle_legacy_message_from_msgtype(
  File "/home/abdenour/.local/lib/python3.10/site-packages/flwr/client/message_handler/message_handler.py", line 95, in handle_legacy_message_from_msgtype
    client = client_fn(context)
  File "/home/abdenour/fl_with_flower/fedavg_vgg16/fedavg_vgg16/client.py", line 92, in client_fn
    client_dataset_splits = client_dataset.train_test_split(test_size=0.1, seed=42)
  File "/home/abdenour/.local/lib/python3.10/site-packages/datasets/arrow_dataset.py", line 567, in wrapper
    out: Union["Dataset", "DatasetDict"] = func(self, *args, **kwargs)
  File "/home/abdenour/.local/lib/python3.10/site-packages/datasets/fingerprint.py", line 482, in wrapper
    out = func(dataset, *args, **kwargs)
  File "/home/abdenour/.local/lib/python3.10/site-packages/datasets/arrow_dataset.py", line 4587, in train_test_split
    raise ValueError(
ValueError: With n_samples=1, test_size=0.1 and train_size=None, the resulting train set will be empty. Adjust any of the aforementioned parameters.

The above exception was the direct cause of the following exception:

[36mray::ClientAppActor.run()[39m (pid=1171219, ip=115.145.172.224, actor_id=51c21f74693fc7fafa94c52401000000, repr=<flwr.simulation.ray_transport.ray_actor.ClientAppActor object at 0x7f610c2957e0>)
  File "/home/abdenour/.local/lib/python3.10/site-packages/flwr/simulation/ray_transport/ray_actor.py", line 63, in run
    raise ClientAppException(str(ex)) from ex
flwr.client.client_app.ClientAppException: 
Exception ClientAppException occurred. Message: With n_samples=1, test_size=0.1 and train_size=None, the resulting train set will be empty. Adjust any of the aforementioned parameters.
[2024-09-24 20:09:08,899][flwr][INFO] - aggregate_evaluate: received 1 results and 1 failures
[2024-09-24 20:09:08,899][flwr][INFO] - 
[2024-09-24 20:09:08,899][flwr][INFO] - [ROUND 18]
[2024-09-24 20:09:08,900][flwr][INFO] - configure_fit: strategy sampled 5 clients (out of 50)
[2024-09-24 20:09:22,953][flwr][INFO] - aggregate_fit: received 5 results and 0 failures
[2024-09-24 20:09:34,777][flwr][INFO] - fit progress: (18, 244.66863000392914, {'accuracy': 0.1824028061970184}, 528.4923709030263)
[2024-09-24 20:09:34,777][flwr][INFO] - configure_evaluate: strategy sampled 2 clients (out of 50)
[2024-09-24 20:09:37,382][flwr][INFO] - aggregate_evaluate: received 2 results and 0 failures
[2024-09-24 20:09:37,383][flwr][INFO] - 
[2024-09-24 20:09:37,383][flwr][INFO] - [ROUND 19]
[2024-09-24 20:09:37,383][flwr][INFO] - configure_fit: strategy sampled 5 clients (out of 50)
[2024-09-24 20:09:51,646][flwr][INFO] - aggregate_fit: received 5 results and 0 failures
[2024-09-24 20:10:03,567][flwr][INFO] - fit progress: (19, 289.0692982673645, {'accuracy': 0.16924875767319497}, 557.2828717599623)
[2024-09-24 20:10:03,567][flwr][INFO] - configure_evaluate: strategy sampled 2 clients (out of 50)
[2024-09-24 20:10:05,860][flwr][INFO] - aggregate_evaluate: received 2 results and 0 failures
[2024-09-24 20:10:05,860][flwr][INFO] - 
[2024-09-24 20:10:05,860][flwr][INFO] - [ROUND 20]
[2024-09-24 20:10:05,860][flwr][INFO] - configure_fit: strategy sampled 5 clients (out of 50)
[2024-09-24 20:10:27,270][flwr][INFO] - aggregate_fit: received 5 results and 0 failures
[2024-09-24 20:10:38,384][flwr][INFO] - fit progress: (20, 252.59225416183472, {'accuracy': 0.1824028061970184}, 592.1002652831376)
[2024-09-24 20:10:38,385][flwr][INFO] - configure_evaluate: strategy sampled 2 clients (out of 50)
[2024-09-24 20:10:40,571][flwr][INFO] - aggregate_evaluate: received 2 results and 0 failures
[2024-09-24 20:10:40,571][flwr][INFO] - 
[2024-09-24 20:10:40,572][flwr][INFO] - [ROUND 21]
[2024-09-24 20:10:40,572][flwr][INFO] - configure_fit: strategy sampled 5 clients (out of 50)
[2024-09-24 20:10:55,022][flwr][INFO] - aggregate_fit: received 5 results and 0 failures
[2024-09-24 20:11:06,795][flwr][INFO] - fit progress: (21, 239.02238297462463, {'accuracy': 0.16924875767319497}, 620.5113180279732)
[2024-09-24 20:11:06,796][flwr][INFO] - configure_evaluate: strategy sampled 2 clients (out of 50)
[2024-09-24 20:11:09,205][flwr][INFO] - aggregate_evaluate: received 2 results and 0 failures
[2024-09-24 20:11:09,206][flwr][INFO] - 
[2024-09-24 20:11:09,206][flwr][INFO] - [ROUND 22]
[2024-09-24 20:11:09,206][flwr][INFO] - configure_fit: strategy sampled 5 clients (out of 50)
[2024-09-24 20:11:22,727][flwr][INFO] - aggregate_fit: received 5 results and 0 failures
[2024-09-24 20:11:34,506][flwr][INFO] - fit progress: (22, 274.6164243221283, {'accuracy': 0.16924875767319497}, 648.2215299932286)
[2024-09-24 20:11:34,506][flwr][INFO] - configure_evaluate: strategy sampled 2 clients (out of 50)
[2024-09-24 20:11:36,729][flwr][INFO] - aggregate_evaluate: received 2 results and 0 failures
[2024-09-24 20:11:36,729][flwr][INFO] - 
[2024-09-24 20:11:36,729][flwr][INFO] - [ROUND 23]
[2024-09-24 20:11:36,730][flwr][INFO] - configure_fit: strategy sampled 5 clients (out of 50)
[2024-09-24 20:11:57,258][flwr][INFO] - aggregate_fit: received 5 results and 0 failures
[2024-09-24 20:12:08,390][flwr][INFO] - fit progress: (23, 268.5262795686722, {'accuracy': 0.19467991815258695}, 682.105916867964)
[2024-09-24 20:12:08,391][flwr][INFO] - configure_evaluate: strategy sampled 2 clients (out of 50)
[2024-09-24 20:12:10,890][flwr][INFO] - aggregate_evaluate: received 2 results and 0 failures
[2024-09-24 20:12:10,890][flwr][INFO] - 
[2024-09-24 20:12:10,890][flwr][INFO] - [ROUND 24]
[2024-09-24 20:12:10,890][flwr][INFO] - configure_fit: strategy sampled 5 clients (out of 50)
[2024-09-24 20:12:21,546][flwr][INFO] - aggregate_fit: received 5 results and 0 failures
[2024-09-24 20:12:33,134][flwr][INFO] - fit progress: (24, 272.8337335586548, {'accuracy': 0.19467991815258695}, 706.8501568092033)
[2024-09-24 20:12:33,135][flwr][INFO] - configure_evaluate: strategy sampled 2 clients (out of 50)
[2024-09-24 20:12:35,867][flwr][INFO] - aggregate_evaluate: received 2 results and 0 failures
[2024-09-24 20:12:35,867][flwr][INFO] - 
[2024-09-24 20:12:35,868][flwr][INFO] - [ROUND 25]
[2024-09-24 20:12:35,868][flwr][INFO] - configure_fit: strategy sampled 5 clients (out of 50)
[2024-09-24 20:12:48,637][flwr][INFO] - aggregate_fit: received 5 results and 0 failures
[2024-09-24 20:12:59,392][flwr][INFO] - fit progress: (25, 233.61049616336823, {'accuracy': 0.1824028061970184}, 733.1082719061524)
[2024-09-24 20:12:59,393][flwr][INFO] - configure_evaluate: strategy sampled 2 clients (out of 50)
[2024-09-24 20:13:01,750][flwr][INFO] - aggregate_evaluate: received 2 results and 0 failures
[2024-09-24 20:13:01,750][flwr][INFO] - 
[2024-09-24 20:13:01,750][flwr][INFO] - [ROUND 26]
[2024-09-24 20:13:01,750][flwr][INFO] - configure_fit: strategy sampled 5 clients (out of 50)
[2024-09-24 20:13:22,219][flwr][INFO] - aggregate_fit: received 5 results and 0 failures
[2024-09-24 20:13:33,698][flwr][INFO] - fit progress: (26, 223.72179913520813, {'accuracy': 0.1824028061970184}, 767.4141035261564)
[2024-09-24 20:13:33,699][flwr][INFO] - configure_evaluate: strategy sampled 2 clients (out of 50)
[2024-09-24 20:13:35,922][flwr][INFO] - aggregate_evaluate: received 2 results and 0 failures
[2024-09-24 20:13:35,922][flwr][INFO] - 
[2024-09-24 20:13:35,922][flwr][INFO] - [ROUND 27]
[2024-09-24 20:13:35,922][flwr][INFO] - configure_fit: strategy sampled 5 clients (out of 50)
[2024-09-24 20:13:55,100][flwr][INFO] - aggregate_fit: received 5 results and 0 failures
[2024-09-24 20:14:07,293][flwr][INFO] - fit progress: (27, 257.43075954914093, {'accuracy': 0.19467991815258695}, 801.0087953973562)
[2024-09-24 20:14:07,294][flwr][INFO] - configure_evaluate: strategy sampled 2 clients (out of 50)
[2024-09-24 20:14:09,492][flwr][INFO] - aggregate_evaluate: received 2 results and 0 failures
[2024-09-24 20:14:09,492][flwr][INFO] - 
[2024-09-24 20:14:09,492][flwr][INFO] - [ROUND 28]
[2024-09-24 20:14:09,492][flwr][INFO] - configure_fit: strategy sampled 5 clients (out of 50)
[2024-09-24 20:14:22,884][flwr][INFO] - aggregate_fit: received 5 results and 0 failures
[2024-09-24 20:14:33,776][flwr][INFO] - fit progress: (28, 229.20955562591553, {'accuracy': 0.16924875767319497}, 827.4916173871607)
[2024-09-24 20:14:33,776][flwr][INFO] - configure_evaluate: strategy sampled 2 clients (out of 50)
[2024-09-24 20:14:36,090][flwr][INFO] - aggregate_evaluate: received 2 results and 0 failures
[2024-09-24 20:14:36,090][flwr][INFO] - 
[2024-09-24 20:14:36,090][flwr][INFO] - [ROUND 29]
[2024-09-24 20:14:36,090][flwr][INFO] - configure_fit: strategy sampled 5 clients (out of 50)
[2024-09-24 20:14:49,332][flwr][INFO] - aggregate_fit: received 5 results and 0 failures
[2024-09-24 20:15:00,213][flwr][INFO] - fit progress: (29, 243.51014029979706, {'accuracy': 0.1373867290266004}, 853.9287194283679)
[2024-09-24 20:15:00,213][flwr][INFO] - configure_evaluate: strategy sampled 2 clients (out of 50)
[2024-09-24 20:15:02,577][flwr][INFO] - aggregate_evaluate: received 2 results and 0 failures
[2024-09-24 20:15:02,577][flwr][INFO] - 
[2024-09-24 20:15:02,577][flwr][INFO] - [ROUND 30]
[2024-09-24 20:15:02,577][flwr][INFO] - configure_fit: strategy sampled 5 clients (out of 50)
[2024-09-24 20:15:22,796][flwr][INFO] - aggregate_fit: received 5 results and 0 failures
[2024-09-24 20:15:33,762][flwr][INFO] - fit progress: (30, 265.9363874197006, {'accuracy': 0.16924875767319497}, 887.4781069853343)
[2024-09-24 20:15:33,763][flwr][INFO] - configure_evaluate: strategy sampled 2 clients (out of 50)
[2024-09-24 20:15:36,250][flwr][INFO] - aggregate_evaluate: received 2 results and 0 failures
[2024-09-24 20:15:36,250][flwr][INFO] - 
[2024-09-24 20:15:36,250][flwr][INFO] - [ROUND 31]
[2024-09-24 20:15:36,251][flwr][INFO] - configure_fit: strategy sampled 5 clients (out of 50)
[2024-09-24 20:15:48,291][flwr][INFO] - aggregate_fit: received 5 results and 0 failures
[2024-09-24 20:15:59,072][flwr][INFO] - fit progress: (31, 263.18538188934326, {'accuracy': 0.1824028061970184}, 912.7879746141843)
[2024-09-24 20:15:59,073][flwr][INFO] - configure_evaluate: strategy sampled 2 clients (out of 50)
[2024-09-24 20:16:01,320][flwr][INFO] - aggregate_evaluate: received 2 results and 0 failures
[2024-09-24 20:16:01,321][flwr][INFO] - 
[2024-09-24 20:16:01,321][flwr][INFO] - [ROUND 32]
[2024-09-24 20:16:01,321][flwr][INFO] - configure_fit: strategy sampled 5 clients (out of 50)
[2024-09-24 20:16:13,166][flwr][INFO] - aggregate_fit: received 5 results and 0 failures
[2024-09-24 20:16:24,559][flwr][INFO] - fit progress: (32, 272.28136825561523, {'accuracy': 0.16924875767319497}, 938.2751801181585)
[2024-09-24 20:16:24,560][flwr][INFO] - configure_evaluate: strategy sampled 2 clients (out of 50)
[2024-09-24 20:16:26,851][flwr][INFO] - aggregate_evaluate: received 2 results and 0 failures
[2024-09-24 20:16:26,852][flwr][INFO] - 
[2024-09-24 20:16:26,852][flwr][INFO] - [ROUND 33]
[2024-09-24 20:16:26,852][flwr][INFO] - configure_fit: strategy sampled 5 clients (out of 50)
[2024-09-24 20:16:40,570][flwr][INFO] - aggregate_fit: received 5 results and 0 failures
[2024-09-24 20:16:51,480][flwr][INFO] - fit progress: (33, 301.7145553827286, {'accuracy': 0.16924875767319497}, 965.195630331058)
[2024-09-24 20:16:51,480][flwr][INFO] - configure_evaluate: strategy sampled 2 clients (out of 50)
[2024-09-24 20:16:53,785][flwr][INFO] - aggregate_evaluate: received 2 results and 0 failures
[2024-09-24 20:16:53,785][flwr][INFO] - 
[2024-09-24 20:16:53,785][flwr][INFO] - [ROUND 34]
[2024-09-24 20:16:53,785][flwr][INFO] - configure_fit: strategy sampled 5 clients (out of 50)
[2024-09-24 20:17:07,978][flwr][INFO] - aggregate_fit: received 5 results and 0 failures
[2024-09-24 20:17:19,602][flwr][INFO] - fit progress: (34, 347.8445339202881, {'accuracy': 0.1824028061970184}, 993.317792778369)
[2024-09-24 20:17:19,602][flwr][INFO] - configure_evaluate: strategy sampled 2 clients (out of 50)
[2024-09-24 20:17:22,119][flwr][INFO] - aggregate_evaluate: received 2 results and 0 failures
[2024-09-24 20:17:22,120][flwr][INFO] - 
[2024-09-24 20:17:22,120][flwr][INFO] - [ROUND 35]
[2024-09-24 20:17:22,120][flwr][INFO] - configure_fit: strategy sampled 5 clients (out of 50)
[2024-09-24 20:17:38,435][flwr][INFO] - aggregate_fit: received 5 results and 0 failures
[2024-09-24 20:17:50,174][flwr][INFO] - fit progress: (35, 414.1151649951935, {'accuracy': 0.1824028061970184}, 1023.8903206670657)
[2024-09-24 20:17:50,175][flwr][INFO] - configure_evaluate: strategy sampled 2 clients (out of 50)
[2024-09-24 20:17:52,576][flwr][INFO] - aggregate_evaluate: received 2 results and 0 failures
[2024-09-24 20:17:52,576][flwr][INFO] - 
[2024-09-24 20:17:52,576][flwr][INFO] - [ROUND 36]
[2024-09-24 20:17:52,576][flwr][INFO] - configure_fit: strategy sampled 5 clients (out of 50)
[2024-09-24 20:18:07,855][flwr][INFO] - aggregate_fit: received 5 results and 0 failures
[2024-09-24 20:18:20,060][flwr][INFO] - fit progress: (36, 306.0296332836151, {'accuracy': 0.19467991815258695}, 1053.775858882349)
[2024-09-24 20:18:20,060][flwr][INFO] - configure_evaluate: strategy sampled 2 clients (out of 50)
[2024-09-24 20:18:23,029][flwr][INFO] - aggregate_evaluate: received 2 results and 0 failures
[2024-09-24 20:18:23,030][flwr][INFO] - 
[2024-09-24 20:18:23,030][flwr][INFO] - [ROUND 37]
[2024-09-24 20:18:23,030][flwr][INFO] - configure_fit: strategy sampled 5 clients (out of 50)
[2024-09-24 20:18:42,021][flwr][INFO] - aggregate_fit: received 5 results and 0 failures
[2024-09-24 20:18:53,694][flwr][INFO] - fit progress: (37, 230.7902021408081, {'accuracy': 0.1824028061970184}, 1087.4095717403106)
[2024-09-24 20:18:53,694][flwr][INFO] - configure_evaluate: strategy sampled 2 clients (out of 50)
[2024-09-24 20:18:55,981][flwr][INFO] - aggregate_evaluate: received 2 results and 0 failures
[2024-09-24 20:18:55,981][flwr][INFO] - 
[2024-09-24 20:18:55,981][flwr][INFO] - [ROUND 38]
[2024-09-24 20:18:55,981][flwr][INFO] - configure_fit: strategy sampled 5 clients (out of 50)
[2024-09-24 20:19:13,846][flwr][INFO] - aggregate_fit: received 5 results and 0 failures
[2024-09-24 20:19:25,316][flwr][INFO] - fit progress: (38, 293.3694951534271, {'accuracy': 0.19467991815258695}, 1119.0316924573854)
[2024-09-24 20:19:25,316][flwr][INFO] - configure_evaluate: strategy sampled 2 clients (out of 50)
[2024-09-24 20:19:27,560][flwr][INFO] - aggregate_evaluate: received 2 results and 0 failures
[2024-09-24 20:19:27,560][flwr][INFO] - 
[2024-09-24 20:19:27,560][flwr][INFO] - [ROUND 39]
[2024-09-24 20:19:27,560][flwr][INFO] - configure_fit: strategy sampled 5 clients (out of 50)
[2024-09-24 20:19:51,857][flwr][INFO] - aggregate_fit: received 5 results and 0 failures
[2024-09-24 20:20:02,766][flwr][INFO] - fit progress: (39, 251.17366409301758, {'accuracy': 0.19467991815258695}, 1156.4818691113032)
[2024-09-24 20:20:02,766][flwr][INFO] - configure_evaluate: strategy sampled 2 clients (out of 50)
[2024-09-24 20:20:05,438][flwr][INFO] - aggregate_evaluate: received 2 results and 0 failures
[2024-09-24 20:20:05,438][flwr][INFO] - 
[2024-09-24 20:20:05,438][flwr][INFO] - [ROUND 40]
[2024-09-24 20:20:05,438][flwr][INFO] - configure_fit: strategy sampled 5 clients (out of 50)
[2024-09-24 20:20:24,164][flwr][INFO] - aggregate_fit: received 5 results and 0 failures
[2024-09-24 20:20:34,960][flwr][INFO] - fit progress: (40, 238.38377594947815, {'accuracy': 0.07132417421806489}, 1188.6758399121463)
[2024-09-24 20:20:34,960][flwr][INFO] - configure_evaluate: strategy sampled 2 clients (out of 50)
[2024-09-24 20:20:37,200][flwr][INFO] - aggregate_evaluate: received 2 results and 0 failures
[2024-09-24 20:20:37,201][flwr][INFO] - 
[2024-09-24 20:20:37,201][flwr][INFO] - [ROUND 41]
[2024-09-24 20:20:37,201][flwr][INFO] - configure_fit: strategy sampled 5 clients (out of 50)
[2024-09-24 20:20:55,478][flwr][INFO] - aggregate_fit: received 5 results and 0 failures
[2024-09-24 20:21:06,334][flwr][INFO] - fit progress: (41, 234.42122209072113, {'accuracy': 0.1824028061970184}, 1220.0493865171447)
[2024-09-24 20:21:06,334][flwr][INFO] - configure_evaluate: strategy sampled 2 clients (out of 50)
[2024-09-24 20:21:08,676][flwr][INFO] - aggregate_evaluate: received 2 results and 0 failures
[2024-09-24 20:21:08,677][flwr][INFO] - 
[2024-09-24 20:21:08,677][flwr][INFO] - [ROUND 42]
[2024-09-24 20:21:08,677][flwr][INFO] - configure_fit: strategy sampled 5 clients (out of 50)
[2024-09-24 20:21:24,597][flwr][INFO] - aggregate_fit: received 5 results and 0 failures
[2024-09-24 20:21:35,401][flwr][INFO] - fit progress: (42, 246.48409283161163, {'accuracy': 0.1824028061970184}, 1249.117315389216)
[2024-09-24 20:21:35,402][flwr][INFO] - configure_evaluate: strategy sampled 2 clients (out of 50)
[2024-09-24 20:21:38,074][flwr][INFO] - aggregate_evaluate: received 2 results and 0 failures
[2024-09-24 20:21:38,074][flwr][INFO] - 
[2024-09-24 20:21:38,074][flwr][INFO] - [ROUND 43]
[2024-09-24 20:21:38,074][flwr][INFO] - configure_fit: strategy sampled 5 clients (out of 50)
[2024-09-24 20:21:52,547][flwr][INFO] - aggregate_fit: received 5 results and 0 failures
[2024-09-24 20:22:03,555][flwr][INFO] - fit progress: (43, 242.77570259571075, {'accuracy': 0.1824028061970184}, 1277.2706129141152)
[2024-09-24 20:22:03,555][flwr][INFO] - configure_evaluate: strategy sampled 2 clients (out of 50)
[2024-09-24 20:22:06,068][flwr][INFO] - aggregate_evaluate: received 2 results and 0 failures
[2024-09-24 20:22:06,068][flwr][INFO] - 
[2024-09-24 20:22:06,068][flwr][INFO] - [ROUND 44]
[2024-09-24 20:22:06,068][flwr][INFO] - configure_fit: strategy sampled 5 clients (out of 50)
[2024-09-24 20:22:10,731][flwr][ERROR] - Traceback (most recent call last):
  File "/home/abdenour/.local/lib/python3.10/site-packages/flwr/simulation/ray_transport/ray_client_proxy.py", line 94, in _submit_job
    out_mssg, updated_context = self.actor_pool.get_client_result(
  File "/home/abdenour/.local/lib/python3.10/site-packages/flwr/simulation/ray_transport/ray_actor.py", line 398, in get_client_result
    return self._fetch_future_result(cid)
  File "/home/abdenour/.local/lib/python3.10/site-packages/flwr/simulation/ray_transport/ray_actor.py", line 279, in _fetch_future_result
    res_cid, out_mssg, updated_context = ray.get(
  File "/home/abdenour/.local/lib/python3.10/site-packages/ray/_private/auto_init_hook.py", line 21, in auto_init_wrapper
    return fn(*args, **kwargs)
  File "/home/abdenour/.local/lib/python3.10/site-packages/ray/_private/client_mode_hook.py", line 103, in wrapper
    return func(*args, **kwargs)
  File "/home/abdenour/.local/lib/python3.10/site-packages/ray/_private/worker.py", line 2667, in get
    values, debugger_breakpoint = worker.get_objects(object_refs, timeout=timeout)
  File "/home/abdenour/.local/lib/python3.10/site-packages/ray/_private/worker.py", line 864, in get_objects
    raise value.as_instanceof_cause()
ray.exceptions.RayTaskError(ClientAppException): [36mray::ClientAppActor.run()[39m (pid=1171218, ip=115.145.172.224, actor_id=c664aacf4423e7404e9d04fc01000000, repr=<flwr.simulation.ray_transport.ray_actor.ClientAppActor object at 0x7f88f4299750>)
  File "/home/abdenour/.local/lib/python3.10/site-packages/flwr/client/client_app.py", line 143, in __call__
    return self._call(message, context)
  File "/home/abdenour/.local/lib/python3.10/site-packages/flwr/client/client_app.py", line 126, in ffn
    out_message = handle_legacy_message_from_msgtype(
  File "/home/abdenour/.local/lib/python3.10/site-packages/flwr/client/message_handler/message_handler.py", line 95, in handle_legacy_message_from_msgtype
    client = client_fn(context)
  File "/home/abdenour/fl_with_flower/fedavg_vgg16/fedavg_vgg16/client.py", line 92, in client_fn
    client_dataset_splits = client_dataset.train_test_split(test_size=0.1, seed=42)
  File "/home/abdenour/.local/lib/python3.10/site-packages/datasets/arrow_dataset.py", line 567, in wrapper
    out: Union["Dataset", "DatasetDict"] = func(self, *args, **kwargs)
  File "/home/abdenour/.local/lib/python3.10/site-packages/datasets/fingerprint.py", line 482, in wrapper
    out = func(dataset, *args, **kwargs)
  File "/home/abdenour/.local/lib/python3.10/site-packages/datasets/arrow_dataset.py", line 4587, in train_test_split
    raise ValueError(
ValueError: With n_samples=1, test_size=0.1 and train_size=None, the resulting train set will be empty. Adjust any of the aforementioned parameters.

The above exception was the direct cause of the following exception:

[36mray::ClientAppActor.run()[39m (pid=1171218, ip=115.145.172.224, actor_id=c664aacf4423e7404e9d04fc01000000, repr=<flwr.simulation.ray_transport.ray_actor.ClientAppActor object at 0x7f88f4299750>)
  File "/home/abdenour/.local/lib/python3.10/site-packages/flwr/simulation/ray_transport/ray_actor.py", line 63, in run
    raise ClientAppException(str(ex)) from ex
flwr.client.client_app.ClientAppException: 
Exception ClientAppException occurred. Message: With n_samples=1, test_size=0.1 and train_size=None, the resulting train set will be empty. Adjust any of the aforementioned parameters.

[2024-09-24 20:22:10,732][flwr][ERROR] - [36mray::ClientAppActor.run()[39m (pid=1171218, ip=115.145.172.224, actor_id=c664aacf4423e7404e9d04fc01000000, repr=<flwr.simulation.ray_transport.ray_actor.ClientAppActor object at 0x7f88f4299750>)
  File "/home/abdenour/.local/lib/python3.10/site-packages/flwr/client/client_app.py", line 143, in __call__
    return self._call(message, context)
  File "/home/abdenour/.local/lib/python3.10/site-packages/flwr/client/client_app.py", line 126, in ffn
    out_message = handle_legacy_message_from_msgtype(
  File "/home/abdenour/.local/lib/python3.10/site-packages/flwr/client/message_handler/message_handler.py", line 95, in handle_legacy_message_from_msgtype
    client = client_fn(context)
  File "/home/abdenour/fl_with_flower/fedavg_vgg16/fedavg_vgg16/client.py", line 92, in client_fn
    client_dataset_splits = client_dataset.train_test_split(test_size=0.1, seed=42)
  File "/home/abdenour/.local/lib/python3.10/site-packages/datasets/arrow_dataset.py", line 567, in wrapper
    out: Union["Dataset", "DatasetDict"] = func(self, *args, **kwargs)
  File "/home/abdenour/.local/lib/python3.10/site-packages/datasets/fingerprint.py", line 482, in wrapper
    out = func(dataset, *args, **kwargs)
  File "/home/abdenour/.local/lib/python3.10/site-packages/datasets/arrow_dataset.py", line 4587, in train_test_split
    raise ValueError(
ValueError: With n_samples=1, test_size=0.1 and train_size=None, the resulting train set will be empty. Adjust any of the aforementioned parameters.

The above exception was the direct cause of the following exception:

[36mray::ClientAppActor.run()[39m (pid=1171218, ip=115.145.172.224, actor_id=c664aacf4423e7404e9d04fc01000000, repr=<flwr.simulation.ray_transport.ray_actor.ClientAppActor object at 0x7f88f4299750>)
  File "/home/abdenour/.local/lib/python3.10/site-packages/flwr/simulation/ray_transport/ray_actor.py", line 63, in run
    raise ClientAppException(str(ex)) from ex
flwr.client.client_app.ClientAppException: 
Exception ClientAppException occurred. Message: With n_samples=1, test_size=0.1 and train_size=None, the resulting train set will be empty. Adjust any of the aforementioned parameters.
[2024-09-24 20:22:20,360][flwr][INFO] - aggregate_fit: received 4 results and 1 failures
[2024-09-24 20:22:30,829][flwr][INFO] - fit progress: (44, 246.35452258586884, {'accuracy': 0.1824028061970184}, 1304.5449737482704)
[2024-09-24 20:22:30,829][flwr][INFO] - configure_evaluate: strategy sampled 2 clients (out of 50)
[2024-09-24 20:22:33,133][flwr][INFO] - aggregate_evaluate: received 2 results and 0 failures
[2024-09-24 20:22:33,133][flwr][INFO] - 
[2024-09-24 20:22:33,133][flwr][INFO] - [ROUND 45]
[2024-09-24 20:22:33,133][flwr][INFO] - configure_fit: strategy sampled 5 clients (out of 50)
[2024-09-24 20:22:56,604][flwr][INFO] - aggregate_fit: received 5 results and 0 failures
[2024-09-24 20:23:07,231][flwr][INFO] - fit progress: (45, 245.075670003891, {'accuracy': 0.1824028061970184}, 1340.9464660231024)
[2024-09-24 20:23:07,231][flwr][INFO] - configure_evaluate: strategy sampled 2 clients (out of 50)
[2024-09-24 20:23:09,994][flwr][INFO] - aggregate_evaluate: received 2 results and 0 failures
[2024-09-24 20:23:09,994][flwr][INFO] - 
[2024-09-24 20:23:09,995][flwr][INFO] - [ROUND 46]
[2024-09-24 20:23:09,995][flwr][INFO] - configure_fit: strategy sampled 5 clients (out of 50)
[2024-09-24 20:23:35,216][flwr][INFO] - aggregate_fit: received 5 results and 0 failures
[2024-09-24 20:23:46,370][flwr][INFO] - fit progress: (46, 261.68868494033813, {'accuracy': 0.1824028061970184}, 1380.0858464743942)
[2024-09-24 20:23:46,371][flwr][INFO] - configure_evaluate: strategy sampled 2 clients (out of 50)
[2024-09-24 20:23:48,622][flwr][INFO] - aggregate_evaluate: received 2 results and 0 failures
[2024-09-24 20:23:48,622][flwr][INFO] - 
[2024-09-24 20:23:48,623][flwr][INFO] - [ROUND 47]
[2024-09-24 20:23:48,623][flwr][INFO] - configure_fit: strategy sampled 5 clients (out of 50)
[2024-09-24 20:24:08,944][flwr][INFO] - aggregate_fit: received 5 results and 0 failures
[2024-09-24 20:24:19,950][flwr][INFO] - fit progress: (47, 252.52765345573425, {'accuracy': 0.1824028061970184}, 1413.6662145094015)
[2024-09-24 20:24:19,951][flwr][INFO] - configure_evaluate: strategy sampled 2 clients (out of 50)
[2024-09-24 20:24:22,233][flwr][INFO] - aggregate_evaluate: received 2 results and 0 failures
[2024-09-24 20:24:22,234][flwr][INFO] - 
[2024-09-24 20:24:22,234][flwr][INFO] - [ROUND 48]
[2024-09-24 20:24:22,234][flwr][INFO] - configure_fit: strategy sampled 5 clients (out of 50)
[2024-09-24 20:24:45,613][flwr][INFO] - aggregate_fit: received 5 results and 0 failures
[2024-09-24 20:24:56,416][flwr][INFO] - fit progress: (48, 254.06806886196136, {'accuracy': 0.1824028061970184}, 1450.131901265122)
[2024-09-24 20:24:56,416][flwr][INFO] - configure_evaluate: strategy sampled 2 clients (out of 50)
[2024-09-24 20:24:58,729][flwr][INFO] - aggregate_evaluate: received 2 results and 0 failures
[2024-09-24 20:24:58,729][flwr][INFO] - 
[2024-09-24 20:24:58,729][flwr][INFO] - [ROUND 49]
[2024-09-24 20:24:58,729][flwr][INFO] - configure_fit: strategy sampled 5 clients (out of 50)
[2024-09-24 20:25:12,812][flwr][INFO] - aggregate_fit: received 5 results and 0 failures
[2024-09-24 20:25:23,887][flwr][INFO] - fit progress: (49, 324.22511744499207, {'accuracy': 0.1373867290266004}, 1477.6027829563245)
[2024-09-24 20:25:23,887][flwr][INFO] - configure_evaluate: strategy sampled 2 clients (out of 50)
[2024-09-24 20:25:26,150][flwr][INFO] - aggregate_evaluate: received 2 results and 0 failures
[2024-09-24 20:25:26,151][flwr][INFO] - 
[2024-09-24 20:25:26,151][flwr][INFO] - [ROUND 50]
[2024-09-24 20:25:26,151][flwr][INFO] - configure_fit: strategy sampled 5 clients (out of 50)
[2024-09-24 20:25:35,628][flwr][ERROR] - Traceback (most recent call last):
  File "/home/abdenour/.local/lib/python3.10/site-packages/flwr/simulation/ray_transport/ray_client_proxy.py", line 94, in _submit_job
    out_mssg, updated_context = self.actor_pool.get_client_result(
  File "/home/abdenour/.local/lib/python3.10/site-packages/flwr/simulation/ray_transport/ray_actor.py", line 398, in get_client_result
    return self._fetch_future_result(cid)
  File "/home/abdenour/.local/lib/python3.10/site-packages/flwr/simulation/ray_transport/ray_actor.py", line 279, in _fetch_future_result
    res_cid, out_mssg, updated_context = ray.get(
  File "/home/abdenour/.local/lib/python3.10/site-packages/ray/_private/auto_init_hook.py", line 21, in auto_init_wrapper
    return fn(*args, **kwargs)
  File "/home/abdenour/.local/lib/python3.10/site-packages/ray/_private/client_mode_hook.py", line 103, in wrapper
    return func(*args, **kwargs)
  File "/home/abdenour/.local/lib/python3.10/site-packages/ray/_private/worker.py", line 2667, in get
    values, debugger_breakpoint = worker.get_objects(object_refs, timeout=timeout)
  File "/home/abdenour/.local/lib/python3.10/site-packages/ray/_private/worker.py", line 864, in get_objects
    raise value.as_instanceof_cause()
ray.exceptions.RayTaskError(ClientAppException): [36mray::ClientAppActor.run()[39m (pid=1171218, ip=115.145.172.224, actor_id=c664aacf4423e7404e9d04fc01000000, repr=<flwr.simulation.ray_transport.ray_actor.ClientAppActor object at 0x7f88f4299750>)
  File "/home/abdenour/.local/lib/python3.10/site-packages/flwr/client/client_app.py", line 143, in __call__
    return self._call(message, context)
  File "/home/abdenour/.local/lib/python3.10/site-packages/flwr/client/client_app.py", line 126, in ffn
    out_message = handle_legacy_message_from_msgtype(
  File "/home/abdenour/.local/lib/python3.10/site-packages/flwr/client/message_handler/message_handler.py", line 95, in handle_legacy_message_from_msgtype
    client = client_fn(context)
  File "/home/abdenour/fl_with_flower/fedavg_vgg16/fedavg_vgg16/client.py", line 92, in client_fn
    client_dataset_splits = client_dataset.train_test_split(test_size=0.1, seed=42)
  File "/home/abdenour/.local/lib/python3.10/site-packages/datasets/arrow_dataset.py", line 567, in wrapper
    out: Union["Dataset", "DatasetDict"] = func(self, *args, **kwargs)
  File "/home/abdenour/.local/lib/python3.10/site-packages/datasets/fingerprint.py", line 482, in wrapper
    out = func(dataset, *args, **kwargs)
  File "/home/abdenour/.local/lib/python3.10/site-packages/datasets/arrow_dataset.py", line 4587, in train_test_split
    raise ValueError(
ValueError: With n_samples=1, test_size=0.1 and train_size=None, the resulting train set will be empty. Adjust any of the aforementioned parameters.

The above exception was the direct cause of the following exception:

[36mray::ClientAppActor.run()[39m (pid=1171218, ip=115.145.172.224, actor_id=c664aacf4423e7404e9d04fc01000000, repr=<flwr.simulation.ray_transport.ray_actor.ClientAppActor object at 0x7f88f4299750>)
  File "/home/abdenour/.local/lib/python3.10/site-packages/flwr/simulation/ray_transport/ray_actor.py", line 63, in run
    raise ClientAppException(str(ex)) from ex
flwr.client.client_app.ClientAppException: 
Exception ClientAppException occurred. Message: With n_samples=1, test_size=0.1 and train_size=None, the resulting train set will be empty. Adjust any of the aforementioned parameters.

[2024-09-24 20:25:35,628][flwr][ERROR] - [36mray::ClientAppActor.run()[39m (pid=1171218, ip=115.145.172.224, actor_id=c664aacf4423e7404e9d04fc01000000, repr=<flwr.simulation.ray_transport.ray_actor.ClientAppActor object at 0x7f88f4299750>)
  File "/home/abdenour/.local/lib/python3.10/site-packages/flwr/client/client_app.py", line 143, in __call__
    return self._call(message, context)
  File "/home/abdenour/.local/lib/python3.10/site-packages/flwr/client/client_app.py", line 126, in ffn
    out_message = handle_legacy_message_from_msgtype(
  File "/home/abdenour/.local/lib/python3.10/site-packages/flwr/client/message_handler/message_handler.py", line 95, in handle_legacy_message_from_msgtype
    client = client_fn(context)
  File "/home/abdenour/fl_with_flower/fedavg_vgg16/fedavg_vgg16/client.py", line 92, in client_fn
    client_dataset_splits = client_dataset.train_test_split(test_size=0.1, seed=42)
  File "/home/abdenour/.local/lib/python3.10/site-packages/datasets/arrow_dataset.py", line 567, in wrapper
    out: Union["Dataset", "DatasetDict"] = func(self, *args, **kwargs)
  File "/home/abdenour/.local/lib/python3.10/site-packages/datasets/fingerprint.py", line 482, in wrapper
    out = func(dataset, *args, **kwargs)
  File "/home/abdenour/.local/lib/python3.10/site-packages/datasets/arrow_dataset.py", line 4587, in train_test_split
    raise ValueError(
ValueError: With n_samples=1, test_size=0.1 and train_size=None, the resulting train set will be empty. Adjust any of the aforementioned parameters.

The above exception was the direct cause of the following exception:

[36mray::ClientAppActor.run()[39m (pid=1171218, ip=115.145.172.224, actor_id=c664aacf4423e7404e9d04fc01000000, repr=<flwr.simulation.ray_transport.ray_actor.ClientAppActor object at 0x7f88f4299750>)
  File "/home/abdenour/.local/lib/python3.10/site-packages/flwr/simulation/ray_transport/ray_actor.py", line 63, in run
    raise ClientAppException(str(ex)) from ex
flwr.client.client_app.ClientAppException: 
Exception ClientAppException occurred. Message: With n_samples=1, test_size=0.1 and train_size=None, the resulting train set will be empty. Adjust any of the aforementioned parameters.
[2024-09-24 20:25:43,071][flwr][INFO] - aggregate_fit: received 4 results and 1 failures
[2024-09-24 20:25:54,497][flwr][INFO] - fit progress: (50, 241.21800231933594, {'accuracy': 0.1824028061970184}, 1508.213114919141)
[2024-09-24 20:25:54,498][flwr][INFO] - configure_evaluate: strategy sampled 2 clients (out of 50)
[2024-09-24 20:25:57,076][flwr][INFO] - aggregate_evaluate: received 2 results and 0 failures
[2024-09-24 20:25:57,077][flwr][INFO] - 
[2024-09-24 20:25:57,077][flwr][INFO] - [ROUND 51]
[2024-09-24 20:25:57,077][flwr][INFO] - configure_fit: strategy sampled 5 clients (out of 50)
[2024-09-24 20:26:07,611][flwr][INFO] - aggregate_fit: received 5 results and 0 failures
[2024-09-24 20:26:19,125][flwr][INFO] - fit progress: (51, 226.35502469539642, {'accuracy': 0.19467991815258695}, 1532.840427255258)
[2024-09-24 20:26:19,125][flwr][INFO] - configure_evaluate: strategy sampled 2 clients (out of 50)
[2024-09-24 20:26:21,568][flwr][INFO] - aggregate_evaluate: received 2 results and 0 failures
[2024-09-24 20:26:21,568][flwr][INFO] - 
[2024-09-24 20:26:21,568][flwr][INFO] - [ROUND 52]
[2024-09-24 20:26:21,568][flwr][INFO] - configure_fit: strategy sampled 5 clients (out of 50)
[2024-09-24 20:26:43,419][flwr][INFO] - aggregate_fit: received 5 results and 0 failures
[2024-09-24 20:26:54,699][flwr][INFO] - fit progress: (52, 279.0238262414932, {'accuracy': 0.19467991815258695}, 1568.4152416661382)
[2024-09-24 20:26:54,700][flwr][INFO] - configure_evaluate: strategy sampled 2 clients (out of 50)
[2024-09-24 20:26:56,997][flwr][INFO] - aggregate_evaluate: received 2 results and 0 failures
[2024-09-24 20:26:56,997][flwr][INFO] - 
[2024-09-24 20:26:56,997][flwr][INFO] - [ROUND 53]
[2024-09-24 20:26:56,997][flwr][INFO] - configure_fit: strategy sampled 5 clients (out of 50)
[2024-09-24 20:27:10,163][flwr][INFO] - aggregate_fit: received 5 results and 0 failures
[2024-09-24 20:27:21,754][flwr][INFO] - fit progress: (53, 237.78900134563446, {'accuracy': 0.19467991815258695}, 1595.4697740711272)
[2024-09-24 20:27:21,754][flwr][INFO] - configure_evaluate: strategy sampled 2 clients (out of 50)
[2024-09-24 20:27:24,095][flwr][INFO] - aggregate_evaluate: received 2 results and 0 failures
[2024-09-24 20:27:24,095][flwr][INFO] - 
[2024-09-24 20:27:24,096][flwr][INFO] - [ROUND 54]
[2024-09-24 20:27:24,096][flwr][INFO] - configure_fit: strategy sampled 5 clients (out of 50)
[2024-09-24 20:27:43,023][flwr][INFO] - aggregate_fit: received 5 results and 0 failures
[2024-09-24 20:27:54,273][flwr][INFO] - fit progress: (54, 271.5984619855881, {'accuracy': 0.1824028061970184}, 1627.988377792295)
[2024-09-24 20:27:54,273][flwr][INFO] - configure_evaluate: strategy sampled 2 clients (out of 50)
[2024-09-24 20:27:56,550][flwr][INFO] - aggregate_evaluate: received 2 results and 0 failures
[2024-09-24 20:27:56,551][flwr][INFO] - 
[2024-09-24 20:27:56,551][flwr][INFO] - [ROUND 55]
[2024-09-24 20:27:56,551][flwr][INFO] - configure_fit: strategy sampled 5 clients (out of 50)
[2024-09-24 20:28:08,566][flwr][INFO] - aggregate_fit: received 5 results and 0 failures
[2024-09-24 20:28:19,493][flwr][INFO] - fit progress: (55, 225.02206349372864, {'accuracy': 0.1824028061970184}, 1653.2084914613515)
[2024-09-24 20:28:19,493][flwr][INFO] - configure_evaluate: strategy sampled 2 clients (out of 50)
[2024-09-24 20:28:21,696][flwr][INFO] - aggregate_evaluate: received 2 results and 0 failures
[2024-09-24 20:28:21,697][flwr][INFO] - 
[2024-09-24 20:28:21,697][flwr][INFO] - [ROUND 56]
[2024-09-24 20:28:21,697][flwr][INFO] - configure_fit: strategy sampled 5 clients (out of 50)
[2024-09-24 20:28:39,675][flwr][INFO] - aggregate_fit: received 5 results and 0 failures
[2024-09-24 20:28:50,501][flwr][INFO] - fit progress: (56, 253.73333132266998, {'accuracy': 0.1824028061970184}, 1684.217118576169)
[2024-09-24 20:28:50,502][flwr][INFO] - configure_evaluate: strategy sampled 2 clients (out of 50)
[2024-09-24 20:28:52,775][flwr][INFO] - aggregate_evaluate: received 2 results and 0 failures
[2024-09-24 20:28:52,776][flwr][INFO] - 
[2024-09-24 20:28:52,776][flwr][INFO] - [ROUND 57]
[2024-09-24 20:28:52,776][flwr][INFO] - configure_fit: strategy sampled 5 clients (out of 50)
[2024-09-24 20:29:06,702][flwr][INFO] - aggregate_fit: received 5 results and 0 failures
[2024-09-24 20:29:17,514][flwr][INFO] - fit progress: (57, 222.88325691223145, {'accuracy': 0.1824028061970184}, 1711.229581916239)
[2024-09-24 20:29:17,514][flwr][INFO] - configure_evaluate: strategy sampled 2 clients (out of 50)
[2024-09-24 20:29:19,908][flwr][INFO] - aggregate_evaluate: received 2 results and 0 failures
[2024-09-24 20:29:19,908][flwr][INFO] - 
[2024-09-24 20:29:19,908][flwr][INFO] - [ROUND 58]
[2024-09-24 20:29:19,908][flwr][INFO] - configure_fit: strategy sampled 5 clients (out of 50)
[2024-09-24 20:29:28,957][flwr][ERROR] - Traceback (most recent call last):
  File "/home/abdenour/.local/lib/python3.10/site-packages/flwr/simulation/ray_transport/ray_client_proxy.py", line 94, in _submit_job
    out_mssg, updated_context = self.actor_pool.get_client_result(
  File "/home/abdenour/.local/lib/python3.10/site-packages/flwr/simulation/ray_transport/ray_actor.py", line 398, in get_client_result
    return self._fetch_future_result(cid)
  File "/home/abdenour/.local/lib/python3.10/site-packages/flwr/simulation/ray_transport/ray_actor.py", line 279, in _fetch_future_result
    res_cid, out_mssg, updated_context = ray.get(
  File "/home/abdenour/.local/lib/python3.10/site-packages/ray/_private/auto_init_hook.py", line 21, in auto_init_wrapper
    return fn(*args, **kwargs)
  File "/home/abdenour/.local/lib/python3.10/site-packages/ray/_private/client_mode_hook.py", line 103, in wrapper
    return func(*args, **kwargs)
  File "/home/abdenour/.local/lib/python3.10/site-packages/ray/_private/worker.py", line 2667, in get
    values, debugger_breakpoint = worker.get_objects(object_refs, timeout=timeout)
  File "/home/abdenour/.local/lib/python3.10/site-packages/ray/_private/worker.py", line 864, in get_objects
    raise value.as_instanceof_cause()
ray.exceptions.RayTaskError(ClientAppException): [36mray::ClientAppActor.run()[39m (pid=1171218, ip=115.145.172.224, actor_id=c664aacf4423e7404e9d04fc01000000, repr=<flwr.simulation.ray_transport.ray_actor.ClientAppActor object at 0x7f88f4299750>)
  File "/home/abdenour/.local/lib/python3.10/site-packages/flwr/client/client_app.py", line 143, in __call__
    return self._call(message, context)
  File "/home/abdenour/.local/lib/python3.10/site-packages/flwr/client/client_app.py", line 126, in ffn
    out_message = handle_legacy_message_from_msgtype(
  File "/home/abdenour/.local/lib/python3.10/site-packages/flwr/client/message_handler/message_handler.py", line 95, in handle_legacy_message_from_msgtype
    client = client_fn(context)
  File "/home/abdenour/fl_with_flower/fedavg_vgg16/fedavg_vgg16/client.py", line 92, in client_fn
    client_dataset_splits = client_dataset.train_test_split(test_size=0.1, seed=42)
  File "/home/abdenour/.local/lib/python3.10/site-packages/datasets/arrow_dataset.py", line 567, in wrapper
    out: Union["Dataset", "DatasetDict"] = func(self, *args, **kwargs)
  File "/home/abdenour/.local/lib/python3.10/site-packages/datasets/fingerprint.py", line 482, in wrapper
    out = func(dataset, *args, **kwargs)
  File "/home/abdenour/.local/lib/python3.10/site-packages/datasets/arrow_dataset.py", line 4587, in train_test_split
    raise ValueError(
ValueError: With n_samples=1, test_size=0.1 and train_size=None, the resulting train set will be empty. Adjust any of the aforementioned parameters.

The above exception was the direct cause of the following exception:

[36mray::ClientAppActor.run()[39m (pid=1171218, ip=115.145.172.224, actor_id=c664aacf4423e7404e9d04fc01000000, repr=<flwr.simulation.ray_transport.ray_actor.ClientAppActor object at 0x7f88f4299750>)
  File "/home/abdenour/.local/lib/python3.10/site-packages/flwr/simulation/ray_transport/ray_actor.py", line 63, in run
    raise ClientAppException(str(ex)) from ex
flwr.client.client_app.ClientAppException: 
Exception ClientAppException occurred. Message: With n_samples=1, test_size=0.1 and train_size=None, the resulting train set will be empty. Adjust any of the aforementioned parameters.

[2024-09-24 20:29:28,957][flwr][ERROR] - [36mray::ClientAppActor.run()[39m (pid=1171218, ip=115.145.172.224, actor_id=c664aacf4423e7404e9d04fc01000000, repr=<flwr.simulation.ray_transport.ray_actor.ClientAppActor object at 0x7f88f4299750>)
  File "/home/abdenour/.local/lib/python3.10/site-packages/flwr/client/client_app.py", line 143, in __call__
    return self._call(message, context)
  File "/home/abdenour/.local/lib/python3.10/site-packages/flwr/client/client_app.py", line 126, in ffn
    out_message = handle_legacy_message_from_msgtype(
  File "/home/abdenour/.local/lib/python3.10/site-packages/flwr/client/message_handler/message_handler.py", line 95, in handle_legacy_message_from_msgtype
    client = client_fn(context)
  File "/home/abdenour/fl_with_flower/fedavg_vgg16/fedavg_vgg16/client.py", line 92, in client_fn
    client_dataset_splits = client_dataset.train_test_split(test_size=0.1, seed=42)
  File "/home/abdenour/.local/lib/python3.10/site-packages/datasets/arrow_dataset.py", line 567, in wrapper
    out: Union["Dataset", "DatasetDict"] = func(self, *args, **kwargs)
  File "/home/abdenour/.local/lib/python3.10/site-packages/datasets/fingerprint.py", line 482, in wrapper
    out = func(dataset, *args, **kwargs)
  File "/home/abdenour/.local/lib/python3.10/site-packages/datasets/arrow_dataset.py", line 4587, in train_test_split
    raise ValueError(
ValueError: With n_samples=1, test_size=0.1 and train_size=None, the resulting train set will be empty. Adjust any of the aforementioned parameters.

The above exception was the direct cause of the following exception:

[36mray::ClientAppActor.run()[39m (pid=1171218, ip=115.145.172.224, actor_id=c664aacf4423e7404e9d04fc01000000, repr=<flwr.simulation.ray_transport.ray_actor.ClientAppActor object at 0x7f88f4299750>)
  File "/home/abdenour/.local/lib/python3.10/site-packages/flwr/simulation/ray_transport/ray_actor.py", line 63, in run
    raise ClientAppException(str(ex)) from ex
flwr.client.client_app.ClientAppException: 
Exception ClientAppException occurred. Message: With n_samples=1, test_size=0.1 and train_size=None, the resulting train set will be empty. Adjust any of the aforementioned parameters.
[2024-09-24 20:29:31,783][flwr][INFO] - aggregate_fit: received 4 results and 1 failures
[2024-09-24 20:29:42,248][flwr][INFO] - fit progress: (58, 216.8538007736206, {'accuracy': 0.1824028061970184}, 1735.964301186148)
[2024-09-24 20:29:42,249][flwr][INFO] - configure_evaluate: strategy sampled 2 clients (out of 50)
[2024-09-24 20:29:45,413][flwr][INFO] - aggregate_evaluate: received 2 results and 0 failures
[2024-09-24 20:29:45,413][flwr][INFO] - 
[2024-09-24 20:29:45,413][flwr][INFO] - [ROUND 59]
[2024-09-24 20:29:45,414][flwr][INFO] - configure_fit: strategy sampled 5 clients (out of 50)
[2024-09-24 20:29:58,852][flwr][INFO] - aggregate_fit: received 5 results and 0 failures
[2024-09-24 20:30:10,501][flwr][INFO] - fit progress: (59, 217.3686248064041, {'accuracy': 0.1824028061970184}, 1764.2171410713345)
[2024-09-24 20:30:10,502][flwr][INFO] - configure_evaluate: strategy sampled 2 clients (out of 50)
[2024-09-24 20:30:12,640][flwr][INFO] - aggregate_evaluate: received 2 results and 0 failures
[2024-09-24 20:30:12,640][flwr][INFO] - 
[2024-09-24 20:30:12,640][flwr][INFO] - [ROUND 60]
[2024-09-24 20:30:12,640][flwr][INFO] - configure_fit: strategy sampled 5 clients (out of 50)
[2024-09-24 20:30:23,030][flwr][INFO] - aggregate_fit: received 5 results and 0 failures
[2024-09-24 20:30:35,771][flwr][INFO] - fit progress: (60, 216.19781076908112, {'accuracy': 0.1824028061970184}, 1789.4868202903308)
[2024-09-24 20:30:35,771][flwr][INFO] - configure_evaluate: strategy sampled 2 clients (out of 50)
[2024-09-24 20:30:38,177][flwr][INFO] - aggregate_evaluate: received 2 results and 0 failures
[2024-09-24 20:30:38,178][flwr][INFO] - 
[2024-09-24 20:30:38,178][flwr][INFO] - [ROUND 61]
[2024-09-24 20:30:38,178][flwr][INFO] - configure_fit: strategy sampled 5 clients (out of 50)
[2024-09-24 20:30:55,742][flwr][INFO] - aggregate_fit: received 5 results and 0 failures
[2024-09-24 20:31:06,519][flwr][INFO] - fit progress: (61, 218.88165378570557, {'accuracy': 0.16924875767319497}, 1820.2347503583878)
[2024-09-24 20:31:06,520][flwr][INFO] - configure_evaluate: strategy sampled 2 clients (out of 50)
[2024-09-24 20:31:08,981][flwr][INFO] - aggregate_evaluate: received 2 results and 0 failures
[2024-09-24 20:31:08,981][flwr][INFO] - 
[2024-09-24 20:31:08,981][flwr][INFO] - [ROUND 62]
[2024-09-24 20:31:08,981][flwr][INFO] - configure_fit: strategy sampled 5 clients (out of 50)
[2024-09-24 20:31:26,811][flwr][INFO] - aggregate_fit: received 5 results and 0 failures
[2024-09-24 20:31:38,122][flwr][INFO] - fit progress: (62, 295.14799523353577, {'accuracy': 0.1824028061970184}, 1851.838037735317)
[2024-09-24 20:31:38,123][flwr][INFO] - configure_evaluate: strategy sampled 2 clients (out of 50)
[2024-09-24 20:31:40,517][flwr][INFO] - aggregate_evaluate: received 2 results and 0 failures
[2024-09-24 20:31:40,517][flwr][INFO] - 
[2024-09-24 20:31:40,517][flwr][INFO] - [ROUND 63]
[2024-09-24 20:31:40,517][flwr][INFO] - configure_fit: strategy sampled 5 clients (out of 50)
[2024-09-24 20:31:52,572][flwr][INFO] - aggregate_fit: received 5 results and 0 failures
[2024-09-24 20:32:03,388][flwr][INFO] - fit progress: (63, 234.3454566001892, {'accuracy': 0.1824028061970184}, 1877.1036070650443)
[2024-09-24 20:32:03,388][flwr][INFO] - configure_evaluate: strategy sampled 2 clients (out of 50)
[2024-09-24 20:32:05,670][flwr][INFO] - aggregate_evaluate: received 2 results and 0 failures
[2024-09-24 20:32:05,671][flwr][INFO] - 
[2024-09-24 20:32:05,671][flwr][INFO] - [ROUND 64]
[2024-09-24 20:32:05,671][flwr][INFO] - configure_fit: strategy sampled 5 clients (out of 50)
[2024-09-24 20:32:22,087][flwr][INFO] - aggregate_fit: received 5 results and 0 failures
[2024-09-24 20:32:32,901][flwr][INFO] - fit progress: (64, 237.02128040790558, {'accuracy': 0.1824028061970184}, 1906.6172693730332)
[2024-09-24 20:32:32,902][flwr][INFO] - configure_evaluate: strategy sampled 2 clients (out of 50)
[2024-09-24 20:32:35,440][flwr][INFO] - aggregate_evaluate: received 2 results and 0 failures
[2024-09-24 20:32:35,440][flwr][INFO] - 
[2024-09-24 20:32:35,440][flwr][INFO] - [ROUND 65]
[2024-09-24 20:32:35,441][flwr][INFO] - configure_fit: strategy sampled 5 clients (out of 50)
[2024-09-24 20:32:41,405][flwr][ERROR] - Traceback (most recent call last):
  File "/home/abdenour/.local/lib/python3.10/site-packages/flwr/simulation/ray_transport/ray_client_proxy.py", line 94, in _submit_job
    out_mssg, updated_context = self.actor_pool.get_client_result(
  File "/home/abdenour/.local/lib/python3.10/site-packages/flwr/simulation/ray_transport/ray_actor.py", line 398, in get_client_result
    return self._fetch_future_result(cid)
  File "/home/abdenour/.local/lib/python3.10/site-packages/flwr/simulation/ray_transport/ray_actor.py", line 279, in _fetch_future_result
    res_cid, out_mssg, updated_context = ray.get(
  File "/home/abdenour/.local/lib/python3.10/site-packages/ray/_private/auto_init_hook.py", line 21, in auto_init_wrapper
    return fn(*args, **kwargs)
  File "/home/abdenour/.local/lib/python3.10/site-packages/ray/_private/client_mode_hook.py", line 103, in wrapper
    return func(*args, **kwargs)
  File "/home/abdenour/.local/lib/python3.10/site-packages/ray/_private/worker.py", line 2667, in get
    values, debugger_breakpoint = worker.get_objects(object_refs, timeout=timeout)
  File "/home/abdenour/.local/lib/python3.10/site-packages/ray/_private/worker.py", line 864, in get_objects
    raise value.as_instanceof_cause()
ray.exceptions.RayTaskError(ClientAppException): [36mray::ClientAppActor.run()[39m (pid=1171219, ip=115.145.172.224, actor_id=51c21f74693fc7fafa94c52401000000, repr=<flwr.simulation.ray_transport.ray_actor.ClientAppActor object at 0x7f610c2957e0>)
  File "/home/abdenour/.local/lib/python3.10/site-packages/flwr/client/client_app.py", line 143, in __call__
    return self._call(message, context)
  File "/home/abdenour/.local/lib/python3.10/site-packages/flwr/client/client_app.py", line 126, in ffn
    out_message = handle_legacy_message_from_msgtype(
  File "/home/abdenour/.local/lib/python3.10/site-packages/flwr/client/message_handler/message_handler.py", line 95, in handle_legacy_message_from_msgtype
    client = client_fn(context)
  File "/home/abdenour/fl_with_flower/fedavg_vgg16/fedavg_vgg16/client.py", line 92, in client_fn
    client_dataset_splits = client_dataset.train_test_split(test_size=0.1, seed=42)
  File "/home/abdenour/.local/lib/python3.10/site-packages/datasets/arrow_dataset.py", line 567, in wrapper
    out: Union["Dataset", "DatasetDict"] = func(self, *args, **kwargs)
  File "/home/abdenour/.local/lib/python3.10/site-packages/datasets/fingerprint.py", line 482, in wrapper
    out = func(dataset, *args, **kwargs)
  File "/home/abdenour/.local/lib/python3.10/site-packages/datasets/arrow_dataset.py", line 4587, in train_test_split
    raise ValueError(
ValueError: With n_samples=1, test_size=0.1 and train_size=None, the resulting train set will be empty. Adjust any of the aforementioned parameters.

The above exception was the direct cause of the following exception:

[36mray::ClientAppActor.run()[39m (pid=1171219, ip=115.145.172.224, actor_id=51c21f74693fc7fafa94c52401000000, repr=<flwr.simulation.ray_transport.ray_actor.ClientAppActor object at 0x7f610c2957e0>)
  File "/home/abdenour/.local/lib/python3.10/site-packages/flwr/simulation/ray_transport/ray_actor.py", line 63, in run
    raise ClientAppException(str(ex)) from ex
flwr.client.client_app.ClientAppException: 
Exception ClientAppException occurred. Message: With n_samples=1, test_size=0.1 and train_size=None, the resulting train set will be empty. Adjust any of the aforementioned parameters.

[2024-09-24 20:32:41,406][flwr][ERROR] - [36mray::ClientAppActor.run()[39m (pid=1171219, ip=115.145.172.224, actor_id=51c21f74693fc7fafa94c52401000000, repr=<flwr.simulation.ray_transport.ray_actor.ClientAppActor object at 0x7f610c2957e0>)
  File "/home/abdenour/.local/lib/python3.10/site-packages/flwr/client/client_app.py", line 143, in __call__
    return self._call(message, context)
  File "/home/abdenour/.local/lib/python3.10/site-packages/flwr/client/client_app.py", line 126, in ffn
    out_message = handle_legacy_message_from_msgtype(
  File "/home/abdenour/.local/lib/python3.10/site-packages/flwr/client/message_handler/message_handler.py", line 95, in handle_legacy_message_from_msgtype
    client = client_fn(context)
  File "/home/abdenour/fl_with_flower/fedavg_vgg16/fedavg_vgg16/client.py", line 92, in client_fn
    client_dataset_splits = client_dataset.train_test_split(test_size=0.1, seed=42)
  File "/home/abdenour/.local/lib/python3.10/site-packages/datasets/arrow_dataset.py", line 567, in wrapper
    out: Union["Dataset", "DatasetDict"] = func(self, *args, **kwargs)
  File "/home/abdenour/.local/lib/python3.10/site-packages/datasets/fingerprint.py", line 482, in wrapper
    out = func(dataset, *args, **kwargs)
  File "/home/abdenour/.local/lib/python3.10/site-packages/datasets/arrow_dataset.py", line 4587, in train_test_split
    raise ValueError(
ValueError: With n_samples=1, test_size=0.1 and train_size=None, the resulting train set will be empty. Adjust any of the aforementioned parameters.

The above exception was the direct cause of the following exception:

[36mray::ClientAppActor.run()[39m (pid=1171219, ip=115.145.172.224, actor_id=51c21f74693fc7fafa94c52401000000, repr=<flwr.simulation.ray_transport.ray_actor.ClientAppActor object at 0x7f610c2957e0>)
  File "/home/abdenour/.local/lib/python3.10/site-packages/flwr/simulation/ray_transport/ray_actor.py", line 63, in run
    raise ClientAppException(str(ex)) from ex
flwr.client.client_app.ClientAppException: 
Exception ClientAppException occurred. Message: With n_samples=1, test_size=0.1 and train_size=None, the resulting train set will be empty. Adjust any of the aforementioned parameters.
[2024-09-24 20:32:44,476][flwr][INFO] - aggregate_fit: received 4 results and 1 failures
[2024-09-24 20:32:55,353][flwr][INFO] - fit progress: (65, 219.353196144104, {'accuracy': 0.1824028061970184}, 1929.0692330850288)
[2024-09-24 20:32:55,354][flwr][INFO] - configure_evaluate: strategy sampled 2 clients (out of 50)
[2024-09-24 20:32:56,318][flwr][ERROR] - Traceback (most recent call last):
  File "/home/abdenour/.local/lib/python3.10/site-packages/flwr/simulation/ray_transport/ray_client_proxy.py", line 94, in _submit_job
    out_mssg, updated_context = self.actor_pool.get_client_result(
  File "/home/abdenour/.local/lib/python3.10/site-packages/flwr/simulation/ray_transport/ray_actor.py", line 398, in get_client_result
    return self._fetch_future_result(cid)
  File "/home/abdenour/.local/lib/python3.10/site-packages/flwr/simulation/ray_transport/ray_actor.py", line 279, in _fetch_future_result
    res_cid, out_mssg, updated_context = ray.get(
  File "/home/abdenour/.local/lib/python3.10/site-packages/ray/_private/auto_init_hook.py", line 21, in auto_init_wrapper
    return fn(*args, **kwargs)
  File "/home/abdenour/.local/lib/python3.10/site-packages/ray/_private/client_mode_hook.py", line 103, in wrapper
    return func(*args, **kwargs)
  File "/home/abdenour/.local/lib/python3.10/site-packages/ray/_private/worker.py", line 2667, in get
    values, debugger_breakpoint = worker.get_objects(object_refs, timeout=timeout)
  File "/home/abdenour/.local/lib/python3.10/site-packages/ray/_private/worker.py", line 864, in get_objects
    raise value.as_instanceof_cause()
ray.exceptions.RayTaskError(ClientAppException): [36mray::ClientAppActor.run()[39m (pid=1171218, ip=115.145.172.224, actor_id=c664aacf4423e7404e9d04fc01000000, repr=<flwr.simulation.ray_transport.ray_actor.ClientAppActor object at 0x7f88f4299750>)
  File "/home/abdenour/.local/lib/python3.10/site-packages/flwr/client/client_app.py", line 143, in __call__
    return self._call(message, context)
  File "/home/abdenour/.local/lib/python3.10/site-packages/flwr/client/client_app.py", line 126, in ffn
    out_message = handle_legacy_message_from_msgtype(
  File "/home/abdenour/.local/lib/python3.10/site-packages/flwr/client/message_handler/message_handler.py", line 95, in handle_legacy_message_from_msgtype
    client = client_fn(context)
  File "/home/abdenour/fl_with_flower/fedavg_vgg16/fedavg_vgg16/client.py", line 92, in client_fn
    client_dataset_splits = client_dataset.train_test_split(test_size=0.1, seed=42)
  File "/home/abdenour/.local/lib/python3.10/site-packages/datasets/arrow_dataset.py", line 567, in wrapper
    out: Union["Dataset", "DatasetDict"] = func(self, *args, **kwargs)
  File "/home/abdenour/.local/lib/python3.10/site-packages/datasets/fingerprint.py", line 482, in wrapper
    out = func(dataset, *args, **kwargs)
  File "/home/abdenour/.local/lib/python3.10/site-packages/datasets/arrow_dataset.py", line 4587, in train_test_split
    raise ValueError(
ValueError: With n_samples=1, test_size=0.1 and train_size=None, the resulting train set will be empty. Adjust any of the aforementioned parameters.

The above exception was the direct cause of the following exception:

[36mray::ClientAppActor.run()[39m (pid=1171218, ip=115.145.172.224, actor_id=c664aacf4423e7404e9d04fc01000000, repr=<flwr.simulation.ray_transport.ray_actor.ClientAppActor object at 0x7f88f4299750>)
  File "/home/abdenour/.local/lib/python3.10/site-packages/flwr/simulation/ray_transport/ray_actor.py", line 63, in run
    raise ClientAppException(str(ex)) from ex
flwr.client.client_app.ClientAppException: 
Exception ClientAppException occurred. Message: With n_samples=1, test_size=0.1 and train_size=None, the resulting train set will be empty. Adjust any of the aforementioned parameters.

[2024-09-24 20:32:56,318][flwr][ERROR] - [36mray::ClientAppActor.run()[39m (pid=1171218, ip=115.145.172.224, actor_id=c664aacf4423e7404e9d04fc01000000, repr=<flwr.simulation.ray_transport.ray_actor.ClientAppActor object at 0x7f88f4299750>)
  File "/home/abdenour/.local/lib/python3.10/site-packages/flwr/client/client_app.py", line 143, in __call__
    return self._call(message, context)
  File "/home/abdenour/.local/lib/python3.10/site-packages/flwr/client/client_app.py", line 126, in ffn
    out_message = handle_legacy_message_from_msgtype(
  File "/home/abdenour/.local/lib/python3.10/site-packages/flwr/client/message_handler/message_handler.py", line 95, in handle_legacy_message_from_msgtype
    client = client_fn(context)
  File "/home/abdenour/fl_with_flower/fedavg_vgg16/fedavg_vgg16/client.py", line 92, in client_fn
    client_dataset_splits = client_dataset.train_test_split(test_size=0.1, seed=42)
  File "/home/abdenour/.local/lib/python3.10/site-packages/datasets/arrow_dataset.py", line 567, in wrapper
    out: Union["Dataset", "DatasetDict"] = func(self, *args, **kwargs)
  File "/home/abdenour/.local/lib/python3.10/site-packages/datasets/fingerprint.py", line 482, in wrapper
    out = func(dataset, *args, **kwargs)
  File "/home/abdenour/.local/lib/python3.10/site-packages/datasets/arrow_dataset.py", line 4587, in train_test_split
    raise ValueError(
ValueError: With n_samples=1, test_size=0.1 and train_size=None, the resulting train set will be empty. Adjust any of the aforementioned parameters.

The above exception was the direct cause of the following exception:

[36mray::ClientAppActor.run()[39m (pid=1171218, ip=115.145.172.224, actor_id=c664aacf4423e7404e9d04fc01000000, repr=<flwr.simulation.ray_transport.ray_actor.ClientAppActor object at 0x7f88f4299750>)
  File "/home/abdenour/.local/lib/python3.10/site-packages/flwr/simulation/ray_transport/ray_actor.py", line 63, in run
    raise ClientAppException(str(ex)) from ex
flwr.client.client_app.ClientAppException: 
Exception ClientAppException occurred. Message: With n_samples=1, test_size=0.1 and train_size=None, the resulting train set will be empty. Adjust any of the aforementioned parameters.
[2024-09-24 20:32:57,314][flwr][INFO] - aggregate_evaluate: received 1 results and 1 failures
[2024-09-24 20:32:57,314][flwr][INFO] - 
[2024-09-24 20:32:57,314][flwr][INFO] - [ROUND 66]
[2024-09-24 20:32:57,314][flwr][INFO] - configure_fit: strategy sampled 5 clients (out of 50)
[2024-09-24 20:33:12,223][flwr][INFO] - aggregate_fit: received 5 results and 0 failures
[2024-09-24 20:33:22,967][flwr][INFO] - fit progress: (66, 222.61930310726166, {'accuracy': 0.1824028061970184}, 1956.6829348322935)
[2024-09-24 20:33:22,967][flwr][INFO] - configure_evaluate: strategy sampled 2 clients (out of 50)
[2024-09-24 20:33:25,295][flwr][INFO] - aggregate_evaluate: received 2 results and 0 failures
[2024-09-24 20:33:25,295][flwr][INFO] - 
[2024-09-24 20:33:25,295][flwr][INFO] - [ROUND 67]
[2024-09-24 20:33:25,295][flwr][INFO] - configure_fit: strategy sampled 5 clients (out of 50)
[2024-09-24 20:33:38,580][flwr][INFO] - aggregate_fit: received 5 results and 0 failures
[2024-09-24 20:33:49,337][flwr][INFO] - fit progress: (67, 231.10243940353394, {'accuracy': 0.1373867290266004}, 1983.0530462521128)
[2024-09-24 20:33:49,338][flwr][INFO] - configure_evaluate: strategy sampled 2 clients (out of 50)
[2024-09-24 20:33:51,959][flwr][INFO] - aggregate_evaluate: received 2 results and 0 failures
[2024-09-24 20:33:51,960][flwr][INFO] - 
[2024-09-24 20:33:51,960][flwr][INFO] - [ROUND 68]
[2024-09-24 20:33:51,960][flwr][INFO] - configure_fit: strategy sampled 5 clients (out of 50)
[2024-09-24 20:34:08,145][flwr][INFO] - aggregate_fit: received 5 results and 0 failures
[2024-09-24 20:34:19,060][flwr][INFO] - fit progress: (68, 293.18947863578796, {'accuracy': 0.1373867290266004}, 2012.7761944769882)
[2024-09-24 20:34:19,061][flwr][INFO] - configure_evaluate: strategy sampled 2 clients (out of 50)
[2024-09-24 20:34:21,458][flwr][INFO] - aggregate_evaluate: received 2 results and 0 failures
[2024-09-24 20:34:21,458][flwr][INFO] - 
[2024-09-24 20:34:21,458][flwr][INFO] - [ROUND 69]
[2024-09-24 20:34:21,458][flwr][INFO] - configure_fit: strategy sampled 5 clients (out of 50)
[2024-09-24 20:34:37,209][flwr][INFO] - aggregate_fit: received 5 results and 0 failures
[2024-09-24 20:34:47,915][flwr][INFO] - fit progress: (69, 255.26199901103973, {'accuracy': 0.1373867290266004}, 2041.6312329550274)
[2024-09-24 20:34:47,916][flwr][INFO] - configure_evaluate: strategy sampled 2 clients (out of 50)
[2024-09-24 20:34:50,037][flwr][INFO] - aggregate_evaluate: received 2 results and 0 failures
[2024-09-24 20:34:50,037][flwr][INFO] - 
[2024-09-24 20:34:50,037][flwr][INFO] - [ROUND 70]
[2024-09-24 20:34:50,038][flwr][INFO] - configure_fit: strategy sampled 5 clients (out of 50)
[2024-09-24 20:35:10,175][flwr][INFO] - aggregate_fit: received 5 results and 0 failures
[2024-09-24 20:35:21,660][flwr][INFO] - fit progress: (70, 229.71338951587677, {'accuracy': 0.1373867290266004}, 2075.3763341642916)
[2024-09-24 20:35:21,661][flwr][INFO] - configure_evaluate: strategy sampled 2 clients (out of 50)
[2024-09-24 20:35:23,832][flwr][INFO] - aggregate_evaluate: received 2 results and 0 failures
[2024-09-24 20:35:23,832][flwr][INFO] - 
[2024-09-24 20:35:23,832][flwr][INFO] - [ROUND 71]
[2024-09-24 20:35:23,832][flwr][INFO] - configure_fit: strategy sampled 5 clients (out of 50)
[2024-09-24 20:35:37,015][flwr][INFO] - aggregate_fit: received 5 results and 0 failures
[2024-09-24 20:35:47,913][flwr][INFO] - fit progress: (71, 256.54590797424316, {'accuracy': 0.16924875767319497}, 2101.628680136986)
[2024-09-24 20:35:47,913][flwr][INFO] - configure_evaluate: strategy sampled 2 clients (out of 50)
[2024-09-24 20:35:50,261][flwr][INFO] - aggregate_evaluate: received 2 results and 0 failures
[2024-09-24 20:35:50,261][flwr][INFO] - 
[2024-09-24 20:35:50,262][flwr][INFO] - [ROUND 72]
[2024-09-24 20:35:50,262][flwr][INFO] - configure_fit: strategy sampled 5 clients (out of 50)
[2024-09-24 20:36:01,961][flwr][INFO] - aggregate_fit: received 5 results and 0 failures
[2024-09-24 20:36:12,782][flwr][INFO] - fit progress: (72, 249.54129767417908, {'accuracy': 0.1824028061970184}, 2126.4977439199574)
[2024-09-24 20:36:12,782][flwr][INFO] - configure_evaluate: strategy sampled 2 clients (out of 50)
[2024-09-24 20:36:15,346][flwr][INFO] - aggregate_evaluate: received 2 results and 0 failures
[2024-09-24 20:36:15,346][flwr][INFO] - 
[2024-09-24 20:36:15,346][flwr][INFO] - [ROUND 73]
[2024-09-24 20:36:15,346][flwr][INFO] - configure_fit: strategy sampled 5 clients (out of 50)
[2024-09-24 20:36:27,355][flwr][INFO] - aggregate_fit: received 5 results and 0 failures
[2024-09-24 20:36:38,377][flwr][INFO] - fit progress: (73, 249.06323146820068, {'accuracy': 0.1824028061970184}, 2152.09316570824)
[2024-09-24 20:36:38,378][flwr][INFO] - configure_evaluate: strategy sampled 2 clients (out of 50)
[2024-09-24 20:36:40,796][flwr][INFO] - aggregate_evaluate: received 2 results and 0 failures
[2024-09-24 20:36:40,796][flwr][INFO] - 
[2024-09-24 20:36:40,796][flwr][INFO] - [ROUND 74]
[2024-09-24 20:36:40,796][flwr][INFO] - configure_fit: strategy sampled 5 clients (out of 50)
[2024-09-24 20:36:57,463][flwr][INFO] - aggregate_fit: received 5 results and 0 failures
[2024-09-24 20:37:08,814][flwr][INFO] - fit progress: (74, 234.5258172750473, {'accuracy': 0.19467991815258695}, 2182.5302961152047)
[2024-09-24 20:37:08,815][flwr][INFO] - configure_evaluate: strategy sampled 2 clients (out of 50)
[2024-09-24 20:37:11,213][flwr][INFO] - aggregate_evaluate: received 2 results and 0 failures
[2024-09-24 20:37:11,213][flwr][INFO] - 
[2024-09-24 20:37:11,213][flwr][INFO] - [ROUND 75]
[2024-09-24 20:37:11,213][flwr][INFO] - configure_fit: strategy sampled 5 clients (out of 50)
[2024-09-24 20:37:37,581][flwr][INFO] - aggregate_fit: received 5 results and 0 failures
[2024-09-24 20:37:49,080][flwr][INFO] - fit progress: (75, 232.82863974571228, {'accuracy': 0.1824028061970184}, 2222.796293565072)
[2024-09-24 20:37:49,081][flwr][INFO] - configure_evaluate: strategy sampled 2 clients (out of 50)
[2024-09-24 20:37:51,366][flwr][INFO] - aggregate_evaluate: received 2 results and 0 failures
[2024-09-24 20:37:51,366][flwr][INFO] - 
[2024-09-24 20:37:51,366][flwr][INFO] - [ROUND 76]
[2024-09-24 20:37:51,366][flwr][INFO] - configure_fit: strategy sampled 5 clients (out of 50)
[2024-09-24 20:38:05,289][flwr][INFO] - aggregate_fit: received 5 results and 0 failures
[2024-09-24 20:38:16,063][flwr][INFO] - fit progress: (76, 223.65187740325928, {'accuracy': 0.1824028061970184}, 2249.7786061624065)
[2024-09-24 20:38:16,063][flwr][INFO] - configure_evaluate: strategy sampled 2 clients (out of 50)
[2024-09-24 20:38:18,330][flwr][INFO] - aggregate_evaluate: received 2 results and 0 failures
[2024-09-24 20:38:18,330][flwr][INFO] - 
[2024-09-24 20:38:18,331][flwr][INFO] - [ROUND 77]
[2024-09-24 20:38:18,331][flwr][INFO] - configure_fit: strategy sampled 5 clients (out of 50)
[2024-09-24 20:38:35,554][flwr][INFO] - aggregate_fit: received 5 results and 0 failures
[2024-09-24 20:38:47,129][flwr][INFO] - fit progress: (77, 224.278693318367, {'accuracy': 0.1824028061970184}, 2280.8443538402207)
[2024-09-24 20:38:47,129][flwr][INFO] - configure_evaluate: strategy sampled 2 clients (out of 50)
[2024-09-24 20:38:49,622][flwr][INFO] - aggregate_evaluate: received 2 results and 0 failures
[2024-09-24 20:38:49,622][flwr][INFO] - 
[2024-09-24 20:38:49,622][flwr][INFO] - [ROUND 78]
[2024-09-24 20:38:49,622][flwr][INFO] - configure_fit: strategy sampled 5 clients (out of 50)
[2024-09-24 20:38:51,144][flwr][ERROR] - Traceback (most recent call last):
  File "/home/abdenour/.local/lib/python3.10/site-packages/flwr/simulation/ray_transport/ray_client_proxy.py", line 94, in _submit_job
    out_mssg, updated_context = self.actor_pool.get_client_result(
  File "/home/abdenour/.local/lib/python3.10/site-packages/flwr/simulation/ray_transport/ray_actor.py", line 398, in get_client_result
    return self._fetch_future_result(cid)
  File "/home/abdenour/.local/lib/python3.10/site-packages/flwr/simulation/ray_transport/ray_actor.py", line 279, in _fetch_future_result
    res_cid, out_mssg, updated_context = ray.get(
  File "/home/abdenour/.local/lib/python3.10/site-packages/ray/_private/auto_init_hook.py", line 21, in auto_init_wrapper
    return fn(*args, **kwargs)
  File "/home/abdenour/.local/lib/python3.10/site-packages/ray/_private/client_mode_hook.py", line 103, in wrapper
    return func(*args, **kwargs)
  File "/home/abdenour/.local/lib/python3.10/site-packages/ray/_private/worker.py", line 2667, in get
    values, debugger_breakpoint = worker.get_objects(object_refs, timeout=timeout)
  File "/home/abdenour/.local/lib/python3.10/site-packages/ray/_private/worker.py", line 864, in get_objects
    raise value.as_instanceof_cause()
ray.exceptions.RayTaskError(ClientAppException): [36mray::ClientAppActor.run()[39m (pid=1171218, ip=115.145.172.224, actor_id=c664aacf4423e7404e9d04fc01000000, repr=<flwr.simulation.ray_transport.ray_actor.ClientAppActor object at 0x7f88f4299750>)
  File "/home/abdenour/.local/lib/python3.10/site-packages/flwr/client/client_app.py", line 143, in __call__
    return self._call(message, context)
  File "/home/abdenour/.local/lib/python3.10/site-packages/flwr/client/client_app.py", line 126, in ffn
    out_message = handle_legacy_message_from_msgtype(
  File "/home/abdenour/.local/lib/python3.10/site-packages/flwr/client/message_handler/message_handler.py", line 95, in handle_legacy_message_from_msgtype
    client = client_fn(context)
  File "/home/abdenour/fl_with_flower/fedavg_vgg16/fedavg_vgg16/client.py", line 92, in client_fn
    client_dataset_splits = client_dataset.train_test_split(test_size=0.1, seed=42)
  File "/home/abdenour/.local/lib/python3.10/site-packages/datasets/arrow_dataset.py", line 567, in wrapper
    out: Union["Dataset", "DatasetDict"] = func(self, *args, **kwargs)
  File "/home/abdenour/.local/lib/python3.10/site-packages/datasets/fingerprint.py", line 482, in wrapper
    out = func(dataset, *args, **kwargs)
  File "/home/abdenour/.local/lib/python3.10/site-packages/datasets/arrow_dataset.py", line 4587, in train_test_split
    raise ValueError(
ValueError: With n_samples=1, test_size=0.1 and train_size=None, the resulting train set will be empty. Adjust any of the aforementioned parameters.

The above exception was the direct cause of the following exception:

[36mray::ClientAppActor.run()[39m (pid=1171218, ip=115.145.172.224, actor_id=c664aacf4423e7404e9d04fc01000000, repr=<flwr.simulation.ray_transport.ray_actor.ClientAppActor object at 0x7f88f4299750>)
  File "/home/abdenour/.local/lib/python3.10/site-packages/flwr/simulation/ray_transport/ray_actor.py", line 63, in run
    raise ClientAppException(str(ex)) from ex
flwr.client.client_app.ClientAppException: 
Exception ClientAppException occurred. Message: With n_samples=1, test_size=0.1 and train_size=None, the resulting train set will be empty. Adjust any of the aforementioned parameters.

[2024-09-24 20:38:51,144][flwr][ERROR] - [36mray::ClientAppActor.run()[39m (pid=1171218, ip=115.145.172.224, actor_id=c664aacf4423e7404e9d04fc01000000, repr=<flwr.simulation.ray_transport.ray_actor.ClientAppActor object at 0x7f88f4299750>)
  File "/home/abdenour/.local/lib/python3.10/site-packages/flwr/client/client_app.py", line 143, in __call__
    return self._call(message, context)
  File "/home/abdenour/.local/lib/python3.10/site-packages/flwr/client/client_app.py", line 126, in ffn
    out_message = handle_legacy_message_from_msgtype(
  File "/home/abdenour/.local/lib/python3.10/site-packages/flwr/client/message_handler/message_handler.py", line 95, in handle_legacy_message_from_msgtype
    client = client_fn(context)
  File "/home/abdenour/fl_with_flower/fedavg_vgg16/fedavg_vgg16/client.py", line 92, in client_fn
    client_dataset_splits = client_dataset.train_test_split(test_size=0.1, seed=42)
  File "/home/abdenour/.local/lib/python3.10/site-packages/datasets/arrow_dataset.py", line 567, in wrapper
    out: Union["Dataset", "DatasetDict"] = func(self, *args, **kwargs)
  File "/home/abdenour/.local/lib/python3.10/site-packages/datasets/fingerprint.py", line 482, in wrapper
    out = func(dataset, *args, **kwargs)
  File "/home/abdenour/.local/lib/python3.10/site-packages/datasets/arrow_dataset.py", line 4587, in train_test_split
    raise ValueError(
ValueError: With n_samples=1, test_size=0.1 and train_size=None, the resulting train set will be empty. Adjust any of the aforementioned parameters.

The above exception was the direct cause of the following exception:

[36mray::ClientAppActor.run()[39m (pid=1171218, ip=115.145.172.224, actor_id=c664aacf4423e7404e9d04fc01000000, repr=<flwr.simulation.ray_transport.ray_actor.ClientAppActor object at 0x7f88f4299750>)
  File "/home/abdenour/.local/lib/python3.10/site-packages/flwr/simulation/ray_transport/ray_actor.py", line 63, in run
    raise ClientAppException(str(ex)) from ex
flwr.client.client_app.ClientAppException: 
Exception ClientAppException occurred. Message: With n_samples=1, test_size=0.1 and train_size=None, the resulting train set will be empty. Adjust any of the aforementioned parameters.
[2024-09-24 20:38:59,308][flwr][INFO] - aggregate_fit: received 4 results and 1 failures
[2024-09-24 20:39:10,110][flwr][INFO] - fit progress: (78, 220.23407471179962, {'accuracy': 0.1824028061970184}, 2303.825661217328)
[2024-09-24 20:39:10,110][flwr][INFO] - configure_evaluate: strategy sampled 2 clients (out of 50)
[2024-09-24 20:39:12,912][flwr][INFO] - aggregate_evaluate: received 2 results and 0 failures
[2024-09-24 20:39:12,913][flwr][INFO] - 
[2024-09-24 20:39:12,913][flwr][INFO] - [ROUND 79]
[2024-09-24 20:39:12,913][flwr][INFO] - configure_fit: strategy sampled 5 clients (out of 50)
[2024-09-24 20:39:28,649][flwr][INFO] - aggregate_fit: received 5 results and 0 failures
[2024-09-24 20:39:39,361][flwr][INFO] - fit progress: (79, 220.72606599330902, {'accuracy': 0.1373867290266004}, 2333.076379564125)
[2024-09-24 20:39:39,361][flwr][INFO] - configure_evaluate: strategy sampled 2 clients (out of 50)
[2024-09-24 20:39:41,489][flwr][INFO] - aggregate_evaluate: received 2 results and 0 failures
[2024-09-24 20:39:41,489][flwr][INFO] - 
[2024-09-24 20:39:41,489][flwr][INFO] - [ROUND 80]
[2024-09-24 20:39:41,489][flwr][INFO] - configure_fit: strategy sampled 5 clients (out of 50)
[2024-09-24 20:39:56,241][flwr][INFO] - aggregate_fit: received 5 results and 0 failures
[2024-09-24 20:40:07,263][flwr][INFO] - fit progress: (80, 217.3958112001419, {'accuracy': 0.1373867290266004}, 2360.979137090966)
[2024-09-24 20:40:07,264][flwr][INFO] - configure_evaluate: strategy sampled 2 clients (out of 50)
[2024-09-24 20:40:09,439][flwr][INFO] - aggregate_evaluate: received 2 results and 0 failures
[2024-09-24 20:40:09,440][flwr][INFO] - 
[2024-09-24 20:40:09,440][flwr][INFO] - [ROUND 81]
[2024-09-24 20:40:09,440][flwr][INFO] - configure_fit: strategy sampled 5 clients (out of 50)
[2024-09-24 20:40:21,770][flwr][INFO] - aggregate_fit: received 5 results and 0 failures
[2024-09-24 20:40:32,589][flwr][INFO] - fit progress: (81, 217.84409821033478, {'accuracy': 0.19467991815258695}, 2386.3052649912424)
[2024-09-24 20:40:32,590][flwr][INFO] - configure_evaluate: strategy sampled 2 clients (out of 50)
[2024-09-24 20:40:34,839][flwr][INFO] - aggregate_evaluate: received 2 results and 0 failures
[2024-09-24 20:40:34,839][flwr][INFO] - 
[2024-09-24 20:40:34,839][flwr][INFO] - [ROUND 82]
[2024-09-24 20:40:34,839][flwr][INFO] - configure_fit: strategy sampled 5 clients (out of 50)
[2024-09-24 20:40:47,769][flwr][INFO] - aggregate_fit: received 5 results and 0 failures
[2024-09-24 20:40:58,567][flwr][INFO] - fit progress: (82, 217.83066880702972, {'accuracy': 0.1824028061970184}, 2412.2825627774)
[2024-09-24 20:40:58,567][flwr][INFO] - configure_evaluate: strategy sampled 2 clients (out of 50)
[2024-09-24 20:41:00,837][flwr][INFO] - aggregate_evaluate: received 2 results and 0 failures
[2024-09-24 20:41:00,837][flwr][INFO] - 
[2024-09-24 20:41:00,837][flwr][INFO] - [ROUND 83]
[2024-09-24 20:41:00,837][flwr][INFO] - configure_fit: strategy sampled 5 clients (out of 50)
[2024-09-24 20:41:19,212][flwr][INFO] - aggregate_fit: received 5 results and 0 failures
[2024-09-24 20:41:30,070][flwr][INFO] - fit progress: (83, 222.96220099925995, {'accuracy': 0.1824028061970184}, 2443.785641120281)
[2024-09-24 20:41:30,070][flwr][INFO] - configure_evaluate: strategy sampled 2 clients (out of 50)
[2024-09-24 20:41:32,372][flwr][INFO] - aggregate_evaluate: received 2 results and 0 failures
[2024-09-24 20:41:32,372][flwr][INFO] - 
[2024-09-24 20:41:32,372][flwr][INFO] - [ROUND 84]
[2024-09-24 20:41:32,373][flwr][INFO] - configure_fit: strategy sampled 5 clients (out of 50)
[2024-09-24 20:41:41,826][flwr][INFO] - aggregate_fit: received 5 results and 0 failures
[2024-09-24 20:41:52,508][flwr][INFO] - fit progress: (84, 252.16683328151703, {'accuracy': 0.19467991815258695}, 2466.223974497989)
[2024-09-24 20:41:52,508][flwr][INFO] - configure_evaluate: strategy sampled 2 clients (out of 50)
[2024-09-24 20:41:54,834][flwr][INFO] - aggregate_evaluate: received 2 results and 0 failures
[2024-09-24 20:41:54,835][flwr][INFO] - 
[2024-09-24 20:41:54,835][flwr][INFO] - [ROUND 85]
[2024-09-24 20:41:54,835][flwr][INFO] - configure_fit: strategy sampled 5 clients (out of 50)
[2024-09-24 20:42:19,608][flwr][INFO] - aggregate_fit: received 5 results and 0 failures
[2024-09-24 20:42:30,942][flwr][INFO] - fit progress: (85, 220.37655329704285, {'accuracy': 0.19467991815258695}, 2504.6578531172127)
[2024-09-24 20:42:30,942][flwr][INFO] - configure_evaluate: strategy sampled 2 clients (out of 50)
[2024-09-24 20:42:33,208][flwr][INFO] - aggregate_evaluate: received 2 results and 0 failures
[2024-09-24 20:42:33,208][flwr][INFO] - 
[2024-09-24 20:42:33,208][flwr][INFO] - [ROUND 86]
[2024-09-24 20:42:33,208][flwr][INFO] - configure_fit: strategy sampled 5 clients (out of 50)
[2024-09-24 20:42:51,184][flwr][INFO] - aggregate_fit: received 5 results and 0 failures
[2024-09-24 20:43:02,115][flwr][INFO] - fit progress: (86, 245.9934618473053, {'accuracy': 0.16924875767319497}, 2535.830755742267)
[2024-09-24 20:43:02,115][flwr][INFO] - configure_evaluate: strategy sampled 2 clients (out of 50)
[2024-09-24 20:43:04,662][flwr][INFO] - aggregate_evaluate: received 2 results and 0 failures
[2024-09-24 20:43:04,666][flwr][INFO] - 
[2024-09-24 20:43:04,666][flwr][INFO] - [ROUND 87]
[2024-09-24 20:43:04,666][flwr][INFO] - configure_fit: strategy sampled 5 clients (out of 50)
[2024-09-24 20:43:16,730][flwr][INFO] - aggregate_fit: received 5 results and 0 failures
[2024-09-24 20:43:27,615][flwr][INFO] - fit progress: (87, 220.88252556324005, {'accuracy': 0.16924875767319497}, 2561.3309366190806)
[2024-09-24 20:43:27,616][flwr][INFO] - configure_evaluate: strategy sampled 2 clients (out of 50)
[2024-09-24 20:43:29,960][flwr][INFO] - aggregate_evaluate: received 2 results and 0 failures
[2024-09-24 20:43:29,960][flwr][INFO] - 
[2024-09-24 20:43:29,960][flwr][INFO] - [ROUND 88]
[2024-09-24 20:43:29,961][flwr][INFO] - configure_fit: strategy sampled 5 clients (out of 50)
[2024-09-24 20:43:43,550][flwr][INFO] - aggregate_fit: received 5 results and 0 failures
[2024-09-24 20:43:55,552][flwr][INFO] - fit progress: (88, 253.81416928768158, {'accuracy': 0.16924875767319497}, 2589.2676000990905)
[2024-09-24 20:43:55,552][flwr][INFO] - configure_evaluate: strategy sampled 2 clients (out of 50)
[2024-09-24 20:43:57,890][flwr][INFO] - aggregate_evaluate: received 2 results and 0 failures
[2024-09-24 20:43:57,890][flwr][INFO] - 
[2024-09-24 20:43:57,890][flwr][INFO] - [ROUND 89]
[2024-09-24 20:43:57,890][flwr][INFO] - configure_fit: strategy sampled 5 clients (out of 50)
[2024-09-24 20:44:15,722][flwr][INFO] - aggregate_fit: received 5 results and 0 failures
[2024-09-24 20:44:27,130][flwr][INFO] - fit progress: (89, 302.5961353778839, {'accuracy': 0.1824028061970184}, 2620.845848612953)
[2024-09-24 20:44:27,131][flwr][INFO] - configure_evaluate: strategy sampled 2 clients (out of 50)
[2024-09-24 20:44:29,446][flwr][INFO] - aggregate_evaluate: received 2 results and 0 failures
[2024-09-24 20:44:29,446][flwr][INFO] - 
[2024-09-24 20:44:29,446][flwr][INFO] - [ROUND 90]
[2024-09-24 20:44:29,446][flwr][INFO] - configure_fit: strategy sampled 5 clients (out of 50)
[2024-09-24 20:44:41,176][flwr][INFO] - aggregate_fit: received 5 results and 0 failures
[2024-09-24 20:44:53,156][flwr][INFO] - fit progress: (90, 246.90173196792603, {'accuracy': 0.16924875767319497}, 2646.871532193385)
[2024-09-24 20:44:53,156][flwr][INFO] - configure_evaluate: strategy sampled 2 clients (out of 50)
[2024-09-24 20:44:55,914][flwr][INFO] - aggregate_evaluate: received 2 results and 0 failures
[2024-09-24 20:44:55,914][flwr][INFO] - 
[2024-09-24 20:44:55,914][flwr][INFO] - [ROUND 91]
[2024-09-24 20:44:55,914][flwr][INFO] - configure_fit: strategy sampled 5 clients (out of 50)
[2024-09-24 20:44:59,560][flwr][ERROR] - Traceback (most recent call last):
  File "/home/abdenour/.local/lib/python3.10/site-packages/flwr/simulation/ray_transport/ray_client_proxy.py", line 94, in _submit_job
    out_mssg, updated_context = self.actor_pool.get_client_result(
  File "/home/abdenour/.local/lib/python3.10/site-packages/flwr/simulation/ray_transport/ray_actor.py", line 398, in get_client_result
    return self._fetch_future_result(cid)
  File "/home/abdenour/.local/lib/python3.10/site-packages/flwr/simulation/ray_transport/ray_actor.py", line 279, in _fetch_future_result
    res_cid, out_mssg, updated_context = ray.get(
  File "/home/abdenour/.local/lib/python3.10/site-packages/ray/_private/auto_init_hook.py", line 21, in auto_init_wrapper
    return fn(*args, **kwargs)
  File "/home/abdenour/.local/lib/python3.10/site-packages/ray/_private/client_mode_hook.py", line 103, in wrapper
    return func(*args, **kwargs)
  File "/home/abdenour/.local/lib/python3.10/site-packages/ray/_private/worker.py", line 2667, in get
    values, debugger_breakpoint = worker.get_objects(object_refs, timeout=timeout)
  File "/home/abdenour/.local/lib/python3.10/site-packages/ray/_private/worker.py", line 864, in get_objects
    raise value.as_instanceof_cause()
ray.exceptions.RayTaskError(ClientAppException): [36mray::ClientAppActor.run()[39m (pid=1171219, ip=115.145.172.224, actor_id=51c21f74693fc7fafa94c52401000000, repr=<flwr.simulation.ray_transport.ray_actor.ClientAppActor object at 0x7f610c2957e0>)
  File "/home/abdenour/.local/lib/python3.10/site-packages/flwr/client/client_app.py", line 143, in __call__
    return self._call(message, context)
  File "/home/abdenour/.local/lib/python3.10/site-packages/flwr/client/client_app.py", line 126, in ffn
    out_message = handle_legacy_message_from_msgtype(
  File "/home/abdenour/.local/lib/python3.10/site-packages/flwr/client/message_handler/message_handler.py", line 95, in handle_legacy_message_from_msgtype
    client = client_fn(context)
  File "/home/abdenour/fl_with_flower/fedavg_vgg16/fedavg_vgg16/client.py", line 92, in client_fn
    client_dataset_splits = client_dataset.train_test_split(test_size=0.1, seed=42)
  File "/home/abdenour/.local/lib/python3.10/site-packages/datasets/arrow_dataset.py", line 567, in wrapper
    out: Union["Dataset", "DatasetDict"] = func(self, *args, **kwargs)
  File "/home/abdenour/.local/lib/python3.10/site-packages/datasets/fingerprint.py", line 482, in wrapper
    out = func(dataset, *args, **kwargs)
  File "/home/abdenour/.local/lib/python3.10/site-packages/datasets/arrow_dataset.py", line 4587, in train_test_split
    raise ValueError(
ValueError: With n_samples=1, test_size=0.1 and train_size=None, the resulting train set will be empty. Adjust any of the aforementioned parameters.

The above exception was the direct cause of the following exception:

[36mray::ClientAppActor.run()[39m (pid=1171219, ip=115.145.172.224, actor_id=51c21f74693fc7fafa94c52401000000, repr=<flwr.simulation.ray_transport.ray_actor.ClientAppActor object at 0x7f610c2957e0>)
  File "/home/abdenour/.local/lib/python3.10/site-packages/flwr/simulation/ray_transport/ray_actor.py", line 63, in run
    raise ClientAppException(str(ex)) from ex
flwr.client.client_app.ClientAppException: 
Exception ClientAppException occurred. Message: With n_samples=1, test_size=0.1 and train_size=None, the resulting train set will be empty. Adjust any of the aforementioned parameters.

[2024-09-24 20:44:59,560][flwr][ERROR] - [36mray::ClientAppActor.run()[39m (pid=1171219, ip=115.145.172.224, actor_id=51c21f74693fc7fafa94c52401000000, repr=<flwr.simulation.ray_transport.ray_actor.ClientAppActor object at 0x7f610c2957e0>)
  File "/home/abdenour/.local/lib/python3.10/site-packages/flwr/client/client_app.py", line 143, in __call__
    return self._call(message, context)
  File "/home/abdenour/.local/lib/python3.10/site-packages/flwr/client/client_app.py", line 126, in ffn
    out_message = handle_legacy_message_from_msgtype(
  File "/home/abdenour/.local/lib/python3.10/site-packages/flwr/client/message_handler/message_handler.py", line 95, in handle_legacy_message_from_msgtype
    client = client_fn(context)
  File "/home/abdenour/fl_with_flower/fedavg_vgg16/fedavg_vgg16/client.py", line 92, in client_fn
    client_dataset_splits = client_dataset.train_test_split(test_size=0.1, seed=42)
  File "/home/abdenour/.local/lib/python3.10/site-packages/datasets/arrow_dataset.py", line 567, in wrapper
    out: Union["Dataset", "DatasetDict"] = func(self, *args, **kwargs)
  File "/home/abdenour/.local/lib/python3.10/site-packages/datasets/fingerprint.py", line 482, in wrapper
    out = func(dataset, *args, **kwargs)
  File "/home/abdenour/.local/lib/python3.10/site-packages/datasets/arrow_dataset.py", line 4587, in train_test_split
    raise ValueError(
ValueError: With n_samples=1, test_size=0.1 and train_size=None, the resulting train set will be empty. Adjust any of the aforementioned parameters.

The above exception was the direct cause of the following exception:

[36mray::ClientAppActor.run()[39m (pid=1171219, ip=115.145.172.224, actor_id=51c21f74693fc7fafa94c52401000000, repr=<flwr.simulation.ray_transport.ray_actor.ClientAppActor object at 0x7f610c2957e0>)
  File "/home/abdenour/.local/lib/python3.10/site-packages/flwr/simulation/ray_transport/ray_actor.py", line 63, in run
    raise ClientAppException(str(ex)) from ex
flwr.client.client_app.ClientAppException: 
Exception ClientAppException occurred. Message: With n_samples=1, test_size=0.1 and train_size=None, the resulting train set will be empty. Adjust any of the aforementioned parameters.
[2024-09-24 20:45:04,061][flwr][INFO] - aggregate_fit: received 4 results and 1 failures
[2024-09-24 20:45:14,650][flwr][INFO] - fit progress: (91, 239.2900208234787, {'accuracy': 0.16924875767319497}, 2668.365934104193)
[2024-09-24 20:45:14,650][flwr][INFO] - configure_evaluate: strategy sampled 2 clients (out of 50)
[2024-09-24 20:45:17,166][flwr][INFO] - aggregate_evaluate: received 2 results and 0 failures
[2024-09-24 20:45:17,166][flwr][INFO] - 
[2024-09-24 20:45:17,166][flwr][INFO] - [ROUND 92]
[2024-09-24 20:45:17,166][flwr][INFO] - configure_fit: strategy sampled 5 clients (out of 50)
[2024-09-24 20:45:32,213][flwr][INFO] - aggregate_fit: received 5 results and 0 failures
[2024-09-24 20:45:44,360][flwr][INFO] - fit progress: (92, 220.65882909297943, {'accuracy': 0.16924875767319497}, 2698.0758842253126)
[2024-09-24 20:45:44,361][flwr][INFO] - configure_evaluate: strategy sampled 2 clients (out of 50)
[2024-09-24 20:45:46,568][flwr][INFO] - aggregate_evaluate: received 2 results and 0 failures
[2024-09-24 20:45:46,569][flwr][INFO] - 
[2024-09-24 20:45:46,569][flwr][INFO] - [ROUND 93]
[2024-09-24 20:45:46,569][flwr][INFO] - configure_fit: strategy sampled 5 clients (out of 50)
[2024-09-24 20:45:58,586][flwr][INFO] - aggregate_fit: received 5 results and 0 failures
[2024-09-24 20:46:11,079][flwr][INFO] - fit progress: (93, 218.41958248615265, {'accuracy': 0.19467991815258695}, 2724.79480344709)
[2024-09-24 20:46:11,079][flwr][INFO] - configure_evaluate: strategy sampled 2 clients (out of 50)
[2024-09-24 20:46:13,461][flwr][INFO] - aggregate_evaluate: received 2 results and 0 failures
[2024-09-24 20:46:13,461][flwr][INFO] - 
[2024-09-24 20:46:13,461][flwr][INFO] - [ROUND 94]
[2024-09-24 20:46:13,462][flwr][INFO] - configure_fit: strategy sampled 5 clients (out of 50)
[2024-09-24 20:46:29,987][flwr][INFO] - aggregate_fit: received 5 results and 0 failures
[2024-09-24 20:46:41,647][flwr][INFO] - fit progress: (94, 290.6774489879608, {'accuracy': 0.1824028061970184}, 2755.362471076194)
[2024-09-24 20:46:41,647][flwr][INFO] - configure_evaluate: strategy sampled 2 clients (out of 50)
[2024-09-24 20:46:44,126][flwr][INFO] - aggregate_evaluate: received 2 results and 0 failures
[2024-09-24 20:46:44,127][flwr][INFO] - 
[2024-09-24 20:46:44,127][flwr][INFO] - [ROUND 95]
[2024-09-24 20:46:44,127][flwr][INFO] - configure_fit: strategy sampled 5 clients (out of 50)
[2024-09-24 20:46:55,418][flwr][INFO] - aggregate_fit: received 5 results and 0 failures
[2024-09-24 20:47:07,203][flwr][INFO] - fit progress: (95, 235.77331805229187, {'accuracy': 0.19467991815258695}, 2780.918418673333)
[2024-09-24 20:47:07,203][flwr][INFO] - configure_evaluate: strategy sampled 2 clients (out of 50)
[2024-09-24 20:47:09,535][flwr][INFO] - aggregate_evaluate: received 2 results and 0 failures
[2024-09-24 20:47:09,535][flwr][INFO] - 
[2024-09-24 20:47:09,535][flwr][INFO] - [ROUND 96]
[2024-09-24 20:47:09,536][flwr][INFO] - configure_fit: strategy sampled 5 clients (out of 50)
[2024-09-24 20:47:25,727][flwr][INFO] - aggregate_fit: received 5 results and 0 failures
[2024-09-24 20:47:37,993][flwr][INFO] - fit progress: (96, 222.79709696769714, {'accuracy': 0.19467991815258695}, 2811.7090759919956)
[2024-09-24 20:47:37,994][flwr][INFO] - configure_evaluate: strategy sampled 2 clients (out of 50)
[2024-09-24 20:47:40,332][flwr][INFO] - aggregate_evaluate: received 2 results and 0 failures
[2024-09-24 20:47:40,333][flwr][INFO] - 
[2024-09-24 20:47:40,333][flwr][INFO] - [ROUND 97]
[2024-09-24 20:47:40,333][flwr][INFO] - configure_fit: strategy sampled 5 clients (out of 50)
[2024-09-24 20:47:51,702][flwr][INFO] - aggregate_fit: received 5 results and 0 failures
[2024-09-24 20:48:03,251][flwr][INFO] - fit progress: (97, 218.57696759700775, {'accuracy': 0.19467991815258695}, 2836.967122965958)
[2024-09-24 20:48:03,252][flwr][INFO] - configure_evaluate: strategy sampled 2 clients (out of 50)
[2024-09-24 20:48:05,613][flwr][INFO] - aggregate_evaluate: received 2 results and 0 failures
[2024-09-24 20:48:05,614][flwr][INFO] - 
[2024-09-24 20:48:05,614][flwr][INFO] - [ROUND 98]
[2024-09-24 20:48:05,614][flwr][INFO] - configure_fit: strategy sampled 5 clients (out of 50)
[2024-09-24 20:48:07,020][flwr][ERROR] - Traceback (most recent call last):
  File "/home/abdenour/.local/lib/python3.10/site-packages/flwr/simulation/ray_transport/ray_client_proxy.py", line 94, in _submit_job
    out_mssg, updated_context = self.actor_pool.get_client_result(
  File "/home/abdenour/.local/lib/python3.10/site-packages/flwr/simulation/ray_transport/ray_actor.py", line 398, in get_client_result
    return self._fetch_future_result(cid)
  File "/home/abdenour/.local/lib/python3.10/site-packages/flwr/simulation/ray_transport/ray_actor.py", line 279, in _fetch_future_result
    res_cid, out_mssg, updated_context = ray.get(
  File "/home/abdenour/.local/lib/python3.10/site-packages/ray/_private/auto_init_hook.py", line 21, in auto_init_wrapper
    return fn(*args, **kwargs)
  File "/home/abdenour/.local/lib/python3.10/site-packages/ray/_private/client_mode_hook.py", line 103, in wrapper
    return func(*args, **kwargs)
  File "/home/abdenour/.local/lib/python3.10/site-packages/ray/_private/worker.py", line 2667, in get
    values, debugger_breakpoint = worker.get_objects(object_refs, timeout=timeout)
  File "/home/abdenour/.local/lib/python3.10/site-packages/ray/_private/worker.py", line 864, in get_objects
    raise value.as_instanceof_cause()
ray.exceptions.RayTaskError(ClientAppException): [36mray::ClientAppActor.run()[39m (pid=1171218, ip=115.145.172.224, actor_id=c664aacf4423e7404e9d04fc01000000, repr=<flwr.simulation.ray_transport.ray_actor.ClientAppActor object at 0x7f88f4299750>)
  File "/home/abdenour/.local/lib/python3.10/site-packages/flwr/client/client_app.py", line 143, in __call__
    return self._call(message, context)
  File "/home/abdenour/.local/lib/python3.10/site-packages/flwr/client/client_app.py", line 126, in ffn
    out_message = handle_legacy_message_from_msgtype(
  File "/home/abdenour/.local/lib/python3.10/site-packages/flwr/client/message_handler/message_handler.py", line 95, in handle_legacy_message_from_msgtype
    client = client_fn(context)
  File "/home/abdenour/fl_with_flower/fedavg_vgg16/fedavg_vgg16/client.py", line 92, in client_fn
    client_dataset_splits = client_dataset.train_test_split(test_size=0.1, seed=42)
  File "/home/abdenour/.local/lib/python3.10/site-packages/datasets/arrow_dataset.py", line 567, in wrapper
    out: Union["Dataset", "DatasetDict"] = func(self, *args, **kwargs)
  File "/home/abdenour/.local/lib/python3.10/site-packages/datasets/fingerprint.py", line 482, in wrapper
    out = func(dataset, *args, **kwargs)
  File "/home/abdenour/.local/lib/python3.10/site-packages/datasets/arrow_dataset.py", line 4587, in train_test_split
    raise ValueError(
ValueError: With n_samples=1, test_size=0.1 and train_size=None, the resulting train set will be empty. Adjust any of the aforementioned parameters.

The above exception was the direct cause of the following exception:

[36mray::ClientAppActor.run()[39m (pid=1171218, ip=115.145.172.224, actor_id=c664aacf4423e7404e9d04fc01000000, repr=<flwr.simulation.ray_transport.ray_actor.ClientAppActor object at 0x7f88f4299750>)
  File "/home/abdenour/.local/lib/python3.10/site-packages/flwr/simulation/ray_transport/ray_actor.py", line 63, in run
    raise ClientAppException(str(ex)) from ex
flwr.client.client_app.ClientAppException: 
Exception ClientAppException occurred. Message: With n_samples=1, test_size=0.1 and train_size=None, the resulting train set will be empty. Adjust any of the aforementioned parameters.

[2024-09-24 20:48:07,020][flwr][ERROR] - [36mray::ClientAppActor.run()[39m (pid=1171218, ip=115.145.172.224, actor_id=c664aacf4423e7404e9d04fc01000000, repr=<flwr.simulation.ray_transport.ray_actor.ClientAppActor object at 0x7f88f4299750>)
  File "/home/abdenour/.local/lib/python3.10/site-packages/flwr/client/client_app.py", line 143, in __call__
    return self._call(message, context)
  File "/home/abdenour/.local/lib/python3.10/site-packages/flwr/client/client_app.py", line 126, in ffn
    out_message = handle_legacy_message_from_msgtype(
  File "/home/abdenour/.local/lib/python3.10/site-packages/flwr/client/message_handler/message_handler.py", line 95, in handle_legacy_message_from_msgtype
    client = client_fn(context)
  File "/home/abdenour/fl_with_flower/fedavg_vgg16/fedavg_vgg16/client.py", line 92, in client_fn
    client_dataset_splits = client_dataset.train_test_split(test_size=0.1, seed=42)
  File "/home/abdenour/.local/lib/python3.10/site-packages/datasets/arrow_dataset.py", line 567, in wrapper
    out: Union["Dataset", "DatasetDict"] = func(self, *args, **kwargs)
  File "/home/abdenour/.local/lib/python3.10/site-packages/datasets/fingerprint.py", line 482, in wrapper
    out = func(dataset, *args, **kwargs)
  File "/home/abdenour/.local/lib/python3.10/site-packages/datasets/arrow_dataset.py", line 4587, in train_test_split
    raise ValueError(
ValueError: With n_samples=1, test_size=0.1 and train_size=None, the resulting train set will be empty. Adjust any of the aforementioned parameters.

The above exception was the direct cause of the following exception:

[36mray::ClientAppActor.run()[39m (pid=1171218, ip=115.145.172.224, actor_id=c664aacf4423e7404e9d04fc01000000, repr=<flwr.simulation.ray_transport.ray_actor.ClientAppActor object at 0x7f88f4299750>)
  File "/home/abdenour/.local/lib/python3.10/site-packages/flwr/simulation/ray_transport/ray_actor.py", line 63, in run
    raise ClientAppException(str(ex)) from ex
flwr.client.client_app.ClientAppException: 
Exception ClientAppException occurred. Message: With n_samples=1, test_size=0.1 and train_size=None, the resulting train set will be empty. Adjust any of the aforementioned parameters.
[2024-09-24 20:48:16,344][flwr][INFO] - aggregate_fit: received 4 results and 1 failures
[2024-09-24 20:48:27,107][flwr][INFO] - fit progress: (98, 217.72367238998413, {'accuracy': 0.19467991815258695}, 2860.8228847081773)
[2024-09-24 20:48:27,108][flwr][INFO] - configure_evaluate: strategy sampled 2 clients (out of 50)
[2024-09-24 20:48:29,298][flwr][INFO] - aggregate_evaluate: received 2 results and 0 failures
[2024-09-24 20:48:29,298][flwr][INFO] - 
[2024-09-24 20:48:29,298][flwr][INFO] - [ROUND 99]
[2024-09-24 20:48:29,298][flwr][INFO] - configure_fit: strategy sampled 5 clients (out of 50)
[2024-09-24 20:48:42,000][flwr][INFO] - aggregate_fit: received 5 results and 0 failures
[2024-09-24 20:48:53,908][flwr][INFO] - fit progress: (99, 218.32467794418335, {'accuracy': 0.19467991815258695}, 2887.6239866199903)
[2024-09-24 20:48:53,909][flwr][INFO] - configure_evaluate: strategy sampled 2 clients (out of 50)
[2024-09-24 20:48:56,280][flwr][INFO] - aggregate_evaluate: received 2 results and 0 failures
[2024-09-24 20:48:56,281][flwr][INFO] - 
[2024-09-24 20:48:56,281][flwr][INFO] - [ROUND 100]
[2024-09-24 20:48:56,281][flwr][INFO] - configure_fit: strategy sampled 5 clients (out of 50)
[2024-09-24 20:49:08,999][flwr][INFO] - aggregate_fit: received 5 results and 0 failures
[2024-09-24 20:49:20,449][flwr][INFO] - fit progress: (100, 219.54249465465546, {'accuracy': 0.19467991815258695}, 2914.1645699683577)
[2024-09-24 20:49:20,449][flwr][INFO] - configure_evaluate: strategy sampled 2 clients (out of 50)
[2024-09-24 20:49:22,688][flwr][INFO] - aggregate_evaluate: received 2 results and 0 failures
[2024-09-24 20:49:22,835][flwr][INFO] - 
[2024-09-24 20:49:22,836][flwr][INFO] - [SUMMARY]
[2024-09-24 20:49:22,836][flwr][INFO] - Run finished 100 round(s) in 2916.40s
[2024-09-24 20:49:22,838][flwr][INFO] - 	History (loss, distributed):
[2024-09-24 20:49:22,839][flwr][INFO] - 		round 1: 2.3940059661865236
[2024-09-24 20:49:22,839][flwr][INFO] - 		round 2: 2.040583273943733
[2024-09-24 20:49:22,839][flwr][INFO] - 		round 3: 3.2855508833220513
[2024-09-24 20:49:22,839][flwr][INFO] - 		round 4: 2.032483511782707
[2024-09-24 20:49:22,839][flwr][INFO] - 		round 5: 2.4072525436813765
[2024-09-24 20:49:22,839][flwr][INFO] - 		round 6: 7.108101698068472
[2024-09-24 20:49:22,839][flwr][INFO] - 		round 7: 1.906517655953117
[2024-09-24 20:49:22,839][flwr][INFO] - 		round 8: 3.062091201543808
[2024-09-24 20:49:22,839][flwr][INFO] - 		round 9: 2.1414070747516774
[2024-09-24 20:49:22,839][flwr][INFO] - 		round 10: 2.056900601129274
[2024-09-24 20:49:22,840][flwr][INFO] - 		round 11: 4.576040012080495
[2024-09-24 20:49:22,840][flwr][INFO] - 		round 12: 1.4797515399180925
[2024-09-24 20:49:22,840][flwr][INFO] - 		round 13: 7.543859724564986
[2024-09-24 20:49:22,840][flwr][INFO] - 		round 14: 1.902889064947764
[2024-09-24 20:49:22,840][flwr][INFO] - 		round 15: 2.9422414302825928
[2024-09-24 20:49:22,840][flwr][INFO] - 		round 16: 3.137850046157837
[2024-09-24 20:49:22,840][flwr][INFO] - 		round 17: 1.8268152475357056
[2024-09-24 20:49:22,840][flwr][INFO] - 		round 18: 2.291853852893995
[2024-09-24 20:49:22,840][flwr][INFO] - 		round 19: 1.8641411781311035
[2024-09-24 20:49:22,840][flwr][INFO] - 		round 20: 3.0108270799672163
[2024-09-24 20:49:22,840][flwr][INFO] - 		round 21: 2.6953182220458984
[2024-09-24 20:49:22,840][flwr][INFO] - 		round 22: 2.2150812527028525
[2024-09-24 20:49:22,840][flwr][INFO] - 		round 23: 2.127302360534668
[2024-09-24 20:49:22,840][flwr][INFO] - 		round 24: 2.1512656275070077
[2024-09-24 20:49:22,840][flwr][INFO] - 		round 25: 2.6347086429595947
[2024-09-24 20:49:22,840][flwr][INFO] - 		round 26: 2.0018728574117026
[2024-09-24 20:49:22,840][flwr][INFO] - 		round 27: 1.5935796161336222
[2024-09-24 20:49:22,840][flwr][INFO] - 		round 28: 2.2070297479629515
[2024-09-24 20:49:22,840][flwr][INFO] - 		round 29: 2.2167730785551525
[2024-09-24 20:49:22,840][flwr][INFO] - 		round 30: 5.483420871144576
[2024-09-24 20:49:22,841][flwr][INFO] - 		round 31: 3.300931283405849
[2024-09-24 20:49:22,841][flwr][INFO] - 		round 32: 3.3350910273465244
[2024-09-24 20:49:22,841][flwr][INFO] - 		round 33: 2.816376394695706
[2024-09-24 20:49:22,841][flwr][INFO] - 		round 34: 4.015344343402169
[2024-09-24 20:49:22,841][flwr][INFO] - 		round 35: 5.990958773571512
[2024-09-24 20:49:22,841][flwr][INFO] - 		round 36: 3.31272190325969
[2024-09-24 20:49:22,841][flwr][INFO] - 		round 37: 1.6238194213194006
[2024-09-24 20:49:22,841][flwr][INFO] - 		round 38: 3.5351184209187827
[2024-09-24 20:49:22,841][flwr][INFO] - 		round 39: 2.527260273694992
[2024-09-24 20:49:22,841][flwr][INFO] - 		round 40: 2.9779874863831894
[2024-09-24 20:49:22,841][flwr][INFO] - 		round 41: 3.1686386380876814
[2024-09-24 20:49:22,841][flwr][INFO] - 		round 42: 3.1340814640647485
[2024-09-24 20:49:22,841][flwr][INFO] - 		round 43: 3.024909754594167
[2024-09-24 20:49:22,841][flwr][INFO] - 		round 44: 3.6592489433288575
[2024-09-24 20:49:22,841][flwr][INFO] - 		round 45: 2.0784505251291634
[2024-09-24 20:49:22,841][flwr][INFO] - 		round 46: 3.4657875895500183
[2024-09-24 20:49:22,841][flwr][INFO] - 		round 47: 2.9155698735663234
[2024-09-24 20:49:22,841][flwr][INFO] - 		round 48: 3.272831267780728
[2024-09-24 20:49:22,841][flwr][INFO] - 		round 49: 4.324031528673674
[2024-09-24 20:49:22,841][flwr][INFO] - 		round 50: 1.9913849532604218
[2024-09-24 20:49:22,842][flwr][INFO] - 		round 51: 3.8287286548053516
[2024-09-24 20:49:22,842][flwr][INFO] - 		round 52: 4.118497397448565
[2024-09-24 20:49:22,842][flwr][INFO] - 		round 53: 2.43371582975482
[2024-09-24 20:49:22,842][flwr][INFO] - 		round 54: 3.8136959791183473
[2024-09-24 20:49:22,842][flwr][INFO] - 		round 55: 3.1612610940933226
[2024-09-24 20:49:22,842][flwr][INFO] - 		round 56: 3.636521577835083
[2024-09-24 20:49:22,842][flwr][INFO] - 		round 57: 3.52760022216373
[2024-09-24 20:49:22,842][flwr][INFO] - 		round 58: 2.1443983986973763
[2024-09-24 20:49:22,842][flwr][INFO] - 		round 59: 1.9130773884909493
[2024-09-24 20:49:22,842][flwr][INFO] - 		round 60: 1.8193965587975844
[2024-09-24 20:49:22,842][flwr][INFO] - 		round 61: 2.17964872820624
[2024-09-24 20:49:22,842][flwr][INFO] - 		round 62: 3.1785574111532657
[2024-09-24 20:49:22,842][flwr][INFO] - 		round 63: 2.0218447148799896
[2024-09-24 20:49:22,842][flwr][INFO] - 		round 64: 1.1005342245101928
[2024-09-24 20:49:22,842][flwr][INFO] - 		round 65: 1.4661058187484741
[2024-09-24 20:49:22,842][flwr][INFO] - 		round 66: 2.0112654204879488
[2024-09-24 20:49:22,842][flwr][INFO] - 		round 67: 1.9097794890403748
[2024-09-24 20:49:22,842][flwr][INFO] - 		round 68: 3.2221461095308004
[2024-09-24 20:49:22,842][flwr][INFO] - 		round 69: 3.4150476455688477
[2024-09-24 20:49:22,842][flwr][INFO] - 		round 70: 3.388600707054138
[2024-09-24 20:49:22,842][flwr][INFO] - 		round 71: 2.0683913230895996
[2024-09-24 20:49:22,843][flwr][INFO] - 		round 72: 3.260332077741623
[2024-09-24 20:49:22,843][flwr][INFO] - 		round 73: 2.394684186622278
[2024-09-24 20:49:22,843][flwr][INFO] - 		round 74: 3.5363207370676895
[2024-09-24 20:49:22,843][flwr][INFO] - 		round 75: 2.8131566047668457
[2024-09-24 20:49:22,843][flwr][INFO] - 		round 76: 2.6170378497668674
[2024-09-24 20:49:22,843][flwr][INFO] - 		round 77: 2.7356839577356973
[2024-09-24 20:49:22,843][flwr][INFO] - 		round 78: 2.329952448606491
[2024-09-24 20:49:22,843][flwr][INFO] - 		round 79: 2.5000157753626504
[2024-09-24 20:49:22,843][flwr][INFO] - 		round 80: 1.9409663014941745
[2024-09-24 20:49:22,843][flwr][INFO] - 		round 81: 1.9774616737114756
[2024-09-24 20:49:22,843][flwr][INFO] - 		round 82: 1.920816496014595
[2024-09-24 20:49:22,843][flwr][INFO] - 		round 83: 3.0573105144500734
[2024-09-24 20:49:22,843][flwr][INFO] - 		round 84: 1.3720567756228976
[2024-09-24 20:49:22,843][flwr][INFO] - 		round 85: 2.244855589336819
[2024-09-24 20:49:22,843][flwr][INFO] - 		round 86: 3.339312624424062
[2024-09-24 20:49:22,843][flwr][INFO] - 		round 87: 3.084350410629721
[2024-09-24 20:49:22,843][flwr][INFO] - 		round 88: 4.297145903110504
[2024-09-24 20:49:22,843][flwr][INFO] - 		round 89: 3.107676091519269
[2024-09-24 20:49:22,843][flwr][INFO] - 		round 90: 3.3388758301734924
[2024-09-24 20:49:22,843][flwr][INFO] - 		round 91: 2.2086382484436036
[2024-09-24 20:49:22,843][flwr][INFO] - 		round 92: 2.8643799261613325
[2024-09-24 20:49:22,844][flwr][INFO] - 		round 93: 1.8902722206609002
[2024-09-24 20:49:22,844][flwr][INFO] - 		round 94: 2.1638301594616616
[2024-09-24 20:49:22,844][flwr][INFO] - 		round 95: 1.963958625333855
[2024-09-24 20:49:22,844][flwr][INFO] - 		round 96: 2.401513088833202
[2024-09-24 20:49:22,844][flwr][INFO] - 		round 97: 2.0605450691060816
[2024-09-24 20:49:22,844][flwr][INFO] - 		round 98: 2.2670774459838867
[2024-09-24 20:49:22,844][flwr][INFO] - 		round 99: 2.1717011656942247
[2024-09-24 20:49:22,844][flwr][INFO] - 		round 100: 1.7403620958328248
[2024-09-24 20:49:22,844][flwr][INFO] - 	History (loss, centralized):
[2024-09-24 20:49:22,844][flwr][INFO] - 		round 0: 223.72528529167175
[2024-09-24 20:49:22,844][flwr][INFO] - 		round 1: 238.84025645256042
[2024-09-24 20:49:22,844][flwr][INFO] - 		round 2: 219.51643192768097
[2024-09-24 20:49:22,844][flwr][INFO] - 		round 3: 274.9546945095062
[2024-09-24 20:49:22,844][flwr][INFO] - 		round 4: 225.40286326408386
[2024-09-24 20:49:22,844][flwr][INFO] - 		round 5: 233.85826063156128
[2024-09-24 20:49:22,844][flwr][INFO] - 		round 6: 604.527473449707
[2024-09-24 20:49:22,844][flwr][INFO] - 		round 7: 233.15039038658142
[2024-09-24 20:49:22,844][flwr][INFO] - 		round 8: 265.6145107746124
[2024-09-24 20:49:22,844][flwr][INFO] - 		round 9: 226.70502424240112
[2024-09-24 20:49:22,844][flwr][INFO] - 		round 10: 233.3502470254898
[2024-09-24 20:49:22,844][flwr][INFO] - 		round 11: 282.50039553642273
[2024-09-24 20:49:22,844][flwr][INFO] - 		round 12: 229.61304533481598
[2024-09-24 20:49:22,845][flwr][INFO] - 		round 13: 352.83702087402344
[2024-09-24 20:49:22,845][flwr][INFO] - 		round 14: 216.69471192359924
[2024-09-24 20:49:22,845][flwr][INFO] - 		round 15: 306.8109211921692
[2024-09-24 20:49:22,845][flwr][INFO] - 		round 16: 261.4267474412918
[2024-09-24 20:49:22,845][flwr][INFO] - 		round 17: 228.76387238502502
[2024-09-24 20:49:22,845][flwr][INFO] - 		round 18: 244.66863000392914
[2024-09-24 20:49:22,845][flwr][INFO] - 		round 19: 289.0692982673645
[2024-09-24 20:49:22,845][flwr][INFO] - 		round 20: 252.59225416183472
[2024-09-24 20:49:22,845][flwr][INFO] - 		round 21: 239.02238297462463
[2024-09-24 20:49:22,845][flwr][INFO] - 		round 22: 274.6164243221283
[2024-09-24 20:49:22,845][flwr][INFO] - 		round 23: 268.5262795686722
[2024-09-24 20:49:22,845][flwr][INFO] - 		round 24: 272.8337335586548
[2024-09-24 20:49:22,845][flwr][INFO] - 		round 25: 233.61049616336823
[2024-09-24 20:49:22,845][flwr][INFO] - 		round 26: 223.72179913520813
[2024-09-24 20:49:22,845][flwr][INFO] - 		round 27: 257.43075954914093
[2024-09-24 20:49:22,845][flwr][INFO] - 		round 28: 229.20955562591553
[2024-09-24 20:49:22,845][flwr][INFO] - 		round 29: 243.51014029979706
[2024-09-24 20:49:22,845][flwr][INFO] - 		round 30: 265.9363874197006
[2024-09-24 20:49:22,845][flwr][INFO] - 		round 31: 263.18538188934326
[2024-09-24 20:49:22,845][flwr][INFO] - 		round 32: 272.28136825561523
[2024-09-24 20:49:22,845][flwr][INFO] - 		round 33: 301.7145553827286
[2024-09-24 20:49:22,846][flwr][INFO] - 		round 34: 347.8445339202881
[2024-09-24 20:49:22,846][flwr][INFO] - 		round 35: 414.1151649951935
[2024-09-24 20:49:22,846][flwr][INFO] - 		round 36: 306.0296332836151
[2024-09-24 20:49:22,846][flwr][INFO] - 		round 37: 230.7902021408081
[2024-09-24 20:49:22,846][flwr][INFO] - 		round 38: 293.3694951534271
[2024-09-24 20:49:22,846][flwr][INFO] - 		round 39: 251.17366409301758
[2024-09-24 20:49:22,846][flwr][INFO] - 		round 40: 238.38377594947815
[2024-09-24 20:49:22,846][flwr][INFO] - 		round 41: 234.42122209072113
[2024-09-24 20:49:22,846][flwr][INFO] - 		round 42: 246.48409283161163
[2024-09-24 20:49:22,846][flwr][INFO] - 		round 43: 242.77570259571075
[2024-09-24 20:49:22,846][flwr][INFO] - 		round 44: 246.35452258586884
[2024-09-24 20:49:22,846][flwr][INFO] - 		round 45: 245.075670003891
[2024-09-24 20:49:22,846][flwr][INFO] - 		round 46: 261.68868494033813
[2024-09-24 20:49:22,846][flwr][INFO] - 		round 47: 252.52765345573425
[2024-09-24 20:49:22,846][flwr][INFO] - 		round 48: 254.06806886196136
[2024-09-24 20:49:22,846][flwr][INFO] - 		round 49: 324.22511744499207
[2024-09-24 20:49:22,846][flwr][INFO] - 		round 50: 241.21800231933594
[2024-09-24 20:49:22,846][flwr][INFO] - 		round 51: 226.35502469539642
[2024-09-24 20:49:22,846][flwr][INFO] - 		round 52: 279.0238262414932
[2024-09-24 20:49:22,846][flwr][INFO] - 		round 53: 237.78900134563446
[2024-09-24 20:49:22,847][flwr][INFO] - 		round 54: 271.5984619855881
[2024-09-24 20:49:22,847][flwr][INFO] - 		round 55: 225.02206349372864
[2024-09-24 20:49:22,847][flwr][INFO] - 		round 56: 253.73333132266998
[2024-09-24 20:49:22,847][flwr][INFO] - 		round 57: 222.88325691223145
[2024-09-24 20:49:22,847][flwr][INFO] - 		round 58: 216.8538007736206
[2024-09-24 20:49:22,847][flwr][INFO] - 		round 59: 217.3686248064041
[2024-09-24 20:49:22,847][flwr][INFO] - 		round 60: 216.19781076908112
[2024-09-24 20:49:22,847][flwr][INFO] - 		round 61: 218.88165378570557
[2024-09-24 20:49:22,847][flwr][INFO] - 		round 62: 295.14799523353577
[2024-09-24 20:49:22,847][flwr][INFO] - 		round 63: 234.3454566001892
[2024-09-24 20:49:22,847][flwr][INFO] - 		round 64: 237.02128040790558
[2024-09-24 20:49:22,847][flwr][INFO] - 		round 65: 219.353196144104
[2024-09-24 20:49:22,847][flwr][INFO] - 		round 66: 222.61930310726166
[2024-09-24 20:49:22,847][flwr][INFO] - 		round 67: 231.10243940353394
[2024-09-24 20:49:22,847][flwr][INFO] - 		round 68: 293.18947863578796
[2024-09-24 20:49:22,847][flwr][INFO] - 		round 69: 255.26199901103973
[2024-09-24 20:49:22,847][flwr][INFO] - 		round 70: 229.71338951587677
[2024-09-24 20:49:22,847][flwr][INFO] - 		round 71: 256.54590797424316
[2024-09-24 20:49:22,847][flwr][INFO] - 		round 72: 249.54129767417908
[2024-09-24 20:49:22,847][flwr][INFO] - 		round 73: 249.06323146820068
[2024-09-24 20:49:22,847][flwr][INFO] - 		round 74: 234.5258172750473
[2024-09-24 20:49:22,847][flwr][INFO] - 		round 75: 232.82863974571228
[2024-09-24 20:49:22,848][flwr][INFO] - 		round 76: 223.65187740325928
[2024-09-24 20:49:22,848][flwr][INFO] - 		round 77: 224.278693318367
[2024-09-24 20:49:22,848][flwr][INFO] - 		round 78: 220.23407471179962
[2024-09-24 20:49:22,848][flwr][INFO] - 		round 79: 220.72606599330902
[2024-09-24 20:49:22,848][flwr][INFO] - 		round 80: 217.3958112001419
[2024-09-24 20:49:22,848][flwr][INFO] - 		round 81: 217.84409821033478
[2024-09-24 20:49:22,848][flwr][INFO] - 		round 82: 217.83066880702972
[2024-09-24 20:49:22,848][flwr][INFO] - 		round 83: 222.96220099925995
[2024-09-24 20:49:22,848][flwr][INFO] - 		round 84: 252.16683328151703
[2024-09-24 20:49:22,848][flwr][INFO] - 		round 85: 220.37655329704285
[2024-09-24 20:49:22,848][flwr][INFO] - 		round 86: 245.9934618473053
[2024-09-24 20:49:22,848][flwr][INFO] - 		round 87: 220.88252556324005
[2024-09-24 20:49:22,848][flwr][INFO] - 		round 88: 253.81416928768158
[2024-09-24 20:49:22,848][flwr][INFO] - 		round 89: 302.5961353778839
[2024-09-24 20:49:22,848][flwr][INFO] - 		round 90: 246.90173196792603
[2024-09-24 20:49:22,848][flwr][INFO] - 		round 91: 239.2900208234787
[2024-09-24 20:49:22,848][flwr][INFO] - 		round 92: 220.65882909297943
[2024-09-24 20:49:22,848][flwr][INFO] - 		round 93: 218.41958248615265
[2024-09-24 20:49:22,848][flwr][INFO] - 		round 94: 290.6774489879608
[2024-09-24 20:49:22,848][flwr][INFO] - 		round 95: 235.77331805229187
[2024-09-24 20:49:22,849][flwr][INFO] - 		round 96: 222.79709696769714
[2024-09-24 20:49:22,849][flwr][INFO] - 		round 97: 218.57696759700775
[2024-09-24 20:49:22,849][flwr][INFO] - 		round 98: 217.72367238998413
[2024-09-24 20:49:22,849][flwr][INFO] - 		round 99: 218.32467794418335
[2024-09-24 20:49:22,849][flwr][INFO] - 		round 100: 219.54249465465546
[2024-09-24 20:49:22,849][flwr][INFO] - 	History (metrics, distributed, evaluate):
[2024-09-24 20:49:22,849][flwr][INFO] - 	{'accuracy': [(1, 0.0),
[2024-09-24 20:49:22,849][flwr][INFO] - 	              (2, 0.23529411764705882),
[2024-09-24 20:49:22,849][flwr][INFO] - 	              (3, 0.0),
[2024-09-24 20:49:22,849][flwr][INFO] - 	              (4, 0.0),
[2024-09-24 20:49:22,849][flwr][INFO] - 	              (5, 0.0),
[2024-09-24 20:49:22,849][flwr][INFO] - 	              (6, 0.0),
[2024-09-24 20:49:22,849][flwr][INFO] - 	              (7, 0.0),
[2024-09-24 20:49:22,849][flwr][INFO] - 	              (8, 0.0),
[2024-09-24 20:49:22,849][flwr][INFO] - 	              (9, 0.037037037037037035),
[2024-09-24 20:49:22,849][flwr][INFO] - 	              (10, 0.02702702702702703),
[2024-09-24 20:49:22,849][flwr][INFO] - 	              (11, 0.0),
[2024-09-24 20:49:22,849][flwr][INFO] - 	              (12, 0.5673076923076923),
[2024-09-24 20:49:22,849][flwr][INFO] - 	              (13, 0.0),
[2024-09-24 20:49:22,849][flwr][INFO] - 	              (14, 0.45),
[2024-09-24 20:49:22,850][flwr][INFO] - 	              (15, 0.0),
[2024-09-24 20:49:22,850][flwr][INFO] - 	              (16, 0.0),
[2024-09-24 20:49:22,850][flwr][INFO] - 	              (17, 0.6666666666666666),
[2024-09-24 20:49:22,850][flwr][INFO] - 	              (18, 0.15217391304347827),
[2024-09-24 20:49:22,850][flwr][INFO] - 	              (19, 0.06666666666666667),
[2024-09-24 20:49:22,850][flwr][INFO] - 	              (20, 0.06481481481481481),
[2024-09-24 20:49:22,850][flwr][INFO] - 	              (21, 0.0),
[2024-09-24 20:49:22,850][flwr][INFO] - 	              (22, 0.4878048780487805),
[2024-09-24 20:49:22,850][flwr][INFO] - 	              (23, 0.0),
[2024-09-24 20:49:22,850][flwr][INFO] - 	              (24, 0.7121212121212122),
[2024-09-24 20:49:22,850][flwr][INFO] - 	              (25, 0.0),
[2024-09-24 20:49:22,850][flwr][INFO] - 	              (26, 0.4444444444444444),
[2024-09-24 20:49:22,850][flwr][INFO] - 	              (27, 0.8031496062992126),
[2024-09-24 20:49:22,850][flwr][INFO] - 	              (28, 0.0),
[2024-09-24 20:49:22,850][flwr][INFO] - 	              (29, 0.19047619047619047),
[2024-09-24 20:49:22,850][flwr][INFO] - 	              (30, 0.0),
[2024-09-24 20:49:22,850][flwr][INFO] - 	              (31, 0.0),
[2024-09-24 20:49:22,850][flwr][INFO] - 	              (32, 0.0),
[2024-09-24 20:49:22,850][flwr][INFO] - 	              (33, 0.031746031746031744),
[2024-09-24 20:49:22,850][flwr][INFO] - 	              (34, 0.06060606060606061),
[2024-09-24 20:49:22,851][flwr][INFO] - 	              (35, 0.15217391304347827),
[2024-09-24 20:49:22,851][flwr][INFO] - 	              (36, 0.0),
[2024-09-24 20:49:22,851][flwr][INFO] - 	              (37, 0.7352941176470589),
[2024-09-24 20:49:22,851][flwr][INFO] - 	              (38, 0.0),
[2024-09-24 20:49:22,851][flwr][INFO] - 	              (39, 0.0),
[2024-09-24 20:49:22,851][flwr][INFO] - 	              (40, 0.0),
[2024-09-24 20:49:22,851][flwr][INFO] - 	              (41, 0.0),
[2024-09-24 20:49:22,851][flwr][INFO] - 	              (42, 0.0),
[2024-09-24 20:49:22,851][flwr][INFO] - 	              (43, 0.2222222222222222),
[2024-09-24 20:49:22,851][flwr][INFO] - 	              (44, 0.02),
[2024-09-24 20:49:22,851][flwr][INFO] - 	              (45, 0.0),
[2024-09-24 20:49:22,851][flwr][INFO] - 	              (46, 0.45098039215686275),
[2024-09-24 20:49:22,851][flwr][INFO] - 	              (47, 0.23404255319148937),
[2024-09-24 20:49:22,851][flwr][INFO] - 	              (48, 0.0),
[2024-09-24 20:49:22,851][flwr][INFO] - 	              (49, 0.0),
[2024-09-24 20:49:22,851][flwr][INFO] - 	              (50, 0.29545454545454547),
[2024-09-24 20:49:22,851][flwr][INFO] - 	              (51, 0.22549019607843138),
[2024-09-24 20:49:22,851][flwr][INFO] - 	              (52, 0.2072072072072072),
[2024-09-24 20:49:22,851][flwr][INFO] - 	              (53, 0.8613861386138614),
[2024-09-24 20:49:22,851][flwr][INFO] - 	              (54, 0.22),
[2024-09-24 20:49:22,851][flwr][INFO] - 	              (55, 0.368),
[2024-09-24 20:49:22,851][flwr][INFO] - 	              (56, 0.0),
[2024-09-24 20:49:22,852][flwr][INFO] - 	              (57, 0.0873015873015873),
[2024-09-24 20:49:22,852][flwr][INFO] - 	              (58, 0.0),
[2024-09-24 20:49:22,852][flwr][INFO] - 	              (59, 0.0),
[2024-09-24 20:49:22,852][flwr][INFO] - 	              (60, 0.37735849056603776),
[2024-09-24 20:49:22,852][flwr][INFO] - 	              (61, 0.0),
[2024-09-24 20:49:22,852][flwr][INFO] - 	              (62, 0.23404255319148937),
[2024-09-24 20:49:22,852][flwr][INFO] - 	              (63, 0.0),
[2024-09-24 20:49:22,852][flwr][INFO] - 	              (64, 1.0),
[2024-09-24 20:49:22,852][flwr][INFO] - 	              (65, 1.0),
[2024-09-24 20:49:22,852][flwr][INFO] - 	              (66, 0.017857142857142856),
[2024-09-24 20:49:22,852][flwr][INFO] - 	              (67, 0.0),
[2024-09-24 20:49:22,852][flwr][INFO] - 	              (68, 0.0),
[2024-09-24 20:49:22,852][flwr][INFO] - 	              (69, 0.0),
[2024-09-24 20:49:22,852][flwr][INFO] - 	              (70, 0.08333333333333333),
[2024-09-24 20:49:22,852][flwr][INFO] - 	              (71, 0.16666666666666666),
[2024-09-24 20:49:22,852][flwr][INFO] - 	              (72, 0.0),
[2024-09-24 20:49:22,852][flwr][INFO] - 	              (73, 0.029850746268656716),
[2024-09-24 20:49:22,852][flwr][INFO] - 	              (74, 0.0),
[2024-09-24 20:49:22,852][flwr][INFO] - 	              (75, 0.0),
[2024-09-24 20:49:22,852][flwr][INFO] - 	              (76, 0.2857142857142857),
[2024-09-24 20:49:22,852][flwr][INFO] - 	              (77, 0.0),
[2024-09-24 20:49:22,853][flwr][INFO] - 	              (78, 0.0),
[2024-09-24 20:49:22,853][flwr][INFO] - 	              (79, 0.0),
[2024-09-24 20:49:22,853][flwr][INFO] - 	              (80, 0.0),
[2024-09-24 20:49:22,853][flwr][INFO] - 	              (81, 0.2894736842105263),
[2024-09-24 20:49:22,853][flwr][INFO] - 	              (82, 0.5),
[2024-09-24 20:49:22,853][flwr][INFO] - 	              (83, 0.056),
[2024-09-24 20:49:22,853][flwr][INFO] - 	              (84, 0.0),
[2024-09-24 20:49:22,853][flwr][INFO] - 	              (85, 0.0),
[2024-09-24 20:49:22,853][flwr][INFO] - 	              (86, 0.04964539007092199),
[2024-09-24 20:49:22,853][flwr][INFO] - 	              (87, 0.0),
[2024-09-24 20:49:22,853][flwr][INFO] - 	              (88, 0.06481481481481481),
[2024-09-24 20:49:22,853][flwr][INFO] - 	              (89, 0.29545454545454547),
[2024-09-24 20:49:22,853][flwr][INFO] - 	              (90, 0.04861111111111111),
[2024-09-24 20:49:22,853][flwr][INFO] - 	              (91, 0.36),
[2024-09-24 20:49:22,853][flwr][INFO] - 	              (92, 0.0),
[2024-09-24 20:49:22,853][flwr][INFO] - 	              (93, 0.0),
[2024-09-24 20:49:22,853][flwr][INFO] - 	              (94, 0.547945205479452),
[2024-09-24 20:49:22,853][flwr][INFO] - 	              (95, 0.1566265060240964),
[2024-09-24 20:49:22,853][flwr][INFO] - 	              (96, 0.34090909090909094),
[2024-09-24 20:49:22,853][flwr][INFO] - 	              (97, 0.2978723404255319),
[2024-09-24 20:49:22,853][flwr][INFO] - 	              (98, 0.0),
[2024-09-24 20:49:22,854][flwr][INFO] - 	              (99, 0.0379746835443038),
[2024-09-24 20:49:22,854][flwr][INFO] - 	              (100, 0.0)]}
[2024-09-24 20:49:22,854][flwr][INFO] - 	History (metrics, centralized):
[2024-09-24 20:49:22,854][flwr][INFO] - 	{'accuracy': [(0, 0.1157556270096463),
[2024-09-24 20:49:22,854][flwr][INFO] - 	              (1, 0.07132417421806489),
[2024-09-24 20:49:22,854][flwr][INFO] - 	              (2, 0.1824028061970184),
[2024-09-24 20:49:22,854][flwr][INFO] - 	              (3, 0.1373867290266004),
[2024-09-24 20:49:22,854][flwr][INFO] - 	              (4, 0.07132417421806489),
[2024-09-24 20:49:22,854][flwr][INFO] - 	              (5, 0.07132417421806489),
[2024-09-24 20:49:22,854][flwr][INFO] - 	              (6, 0.08301666179479684),
[2024-09-24 20:49:22,854][flwr][INFO] - 	              (7, 0.1373867290266004),
[2024-09-24 20:49:22,854][flwr][INFO] - 	              (8, 0.1824028061970184),
[2024-09-24 20:49:22,854][flwr][INFO] - 	              (9, 0.16924875767319497),
[2024-09-24 20:49:22,854][flwr][INFO] - 	              (10, 0.07132417421806489),
[2024-09-24 20:49:22,854][flwr][INFO] - 	              (11, 0.1824028061970184),
[2024-09-24 20:49:22,854][flwr][INFO] - 	              (12, 0.1373867290266004),
[2024-09-24 20:49:22,854][flwr][INFO] - 	              (13, 0.16924875767319497),
[2024-09-24 20:49:22,854][flwr][INFO] - 	              (14, 0.1824028061970184),
[2024-09-24 20:49:22,854][flwr][INFO] - 	              (15, 0.16924875767319497),
[2024-09-24 20:49:22,854][flwr][INFO] - 	              (16, 0.16924875767319497),
[2024-09-24 20:49:22,854][flwr][INFO] - 	              (17, 0.16924875767319497),
[2024-09-24 20:49:22,854][flwr][INFO] - 	              (18, 0.1824028061970184),
[2024-09-24 20:49:22,855][flwr][INFO] - 	              (19, 0.16924875767319497),
[2024-09-24 20:49:22,855][flwr][INFO] - 	              (20, 0.1824028061970184),
[2024-09-24 20:49:22,855][flwr][INFO] - 	              (21, 0.16924875767319497),
[2024-09-24 20:49:22,855][flwr][INFO] - 	              (22, 0.16924875767319497),
[2024-09-24 20:49:22,855][flwr][INFO] - 	              (23, 0.19467991815258695),
[2024-09-24 20:49:22,855][flwr][INFO] - 	              (24, 0.19467991815258695),
[2024-09-24 20:49:22,855][flwr][INFO] - 	              (25, 0.1824028061970184),
[2024-09-24 20:49:22,855][flwr][INFO] - 	              (26, 0.1824028061970184),
[2024-09-24 20:49:22,855][flwr][INFO] - 	              (27, 0.19467991815258695),
[2024-09-24 20:49:22,855][flwr][INFO] - 	              (28, 0.16924875767319497),
[2024-09-24 20:49:22,855][flwr][INFO] - 	              (29, 0.1373867290266004),
[2024-09-24 20:49:22,855][flwr][INFO] - 	              (30, 0.16924875767319497),
[2024-09-24 20:49:22,855][flwr][INFO] - 	              (31, 0.1824028061970184),
[2024-09-24 20:49:22,855][flwr][INFO] - 	              (32, 0.16924875767319497),
[2024-09-24 20:49:22,855][flwr][INFO] - 	              (33, 0.16924875767319497),
[2024-09-24 20:49:22,855][flwr][INFO] - 	              (34, 0.1824028061970184),
[2024-09-24 20:49:22,855][flwr][INFO] - 	              (35, 0.1824028061970184),
[2024-09-24 20:49:22,855][flwr][INFO] - 	              (36, 0.19467991815258695),
[2024-09-24 20:49:22,855][flwr][INFO] - 	              (37, 0.1824028061970184),
[2024-09-24 20:49:22,855][flwr][INFO] - 	              (38, 0.19467991815258695),
[2024-09-24 20:49:22,855][flwr][INFO] - 	              (39, 0.19467991815258695),
[2024-09-24 20:49:22,856][flwr][INFO] - 	              (40, 0.07132417421806489),
[2024-09-24 20:49:22,856][flwr][INFO] - 	              (41, 0.1824028061970184),
[2024-09-24 20:49:22,856][flwr][INFO] - 	              (42, 0.1824028061970184),
[2024-09-24 20:49:22,856][flwr][INFO] - 	              (43, 0.1824028061970184),
[2024-09-24 20:49:22,856][flwr][INFO] - 	              (44, 0.1824028061970184),
[2024-09-24 20:49:22,856][flwr][INFO] - 	              (45, 0.1824028061970184),
[2024-09-24 20:49:22,856][flwr][INFO] - 	              (46, 0.1824028061970184),
[2024-09-24 20:49:22,856][flwr][INFO] - 	              (47, 0.1824028061970184),
[2024-09-24 20:49:22,856][flwr][INFO] - 	              (48, 0.1824028061970184),
[2024-09-24 20:49:22,856][flwr][INFO] - 	              (49, 0.1373867290266004),
[2024-09-24 20:49:22,856][flwr][INFO] - 	              (50, 0.1824028061970184),
[2024-09-24 20:49:22,856][flwr][INFO] - 	              (51, 0.19467991815258695),
[2024-09-24 20:49:22,856][flwr][INFO] - 	              (52, 0.19467991815258695),
[2024-09-24 20:49:22,856][flwr][INFO] - 	              (53, 0.19467991815258695),
[2024-09-24 20:49:22,856][flwr][INFO] - 	              (54, 0.1824028061970184),
[2024-09-24 20:49:22,856][flwr][INFO] - 	              (55, 0.1824028061970184),
[2024-09-24 20:49:22,856][flwr][INFO] - 	              (56, 0.1824028061970184),
[2024-09-24 20:49:22,856][flwr][INFO] - 	              (57, 0.1824028061970184),
[2024-09-24 20:49:22,856][flwr][INFO] - 	              (58, 0.1824028061970184),
[2024-09-24 20:49:22,856][flwr][INFO] - 	              (59, 0.1824028061970184),
[2024-09-24 20:49:22,856][flwr][INFO] - 	              (60, 0.1824028061970184),
[2024-09-24 20:49:22,856][flwr][INFO] - 	              (61, 0.16924875767319497),
[2024-09-24 20:49:22,857][flwr][INFO] - 	              (62, 0.1824028061970184),
[2024-09-24 20:49:22,857][flwr][INFO] - 	              (63, 0.1824028061970184),
[2024-09-24 20:49:22,857][flwr][INFO] - 	              (64, 0.1824028061970184),
[2024-09-24 20:49:22,857][flwr][INFO] - 	              (65, 0.1824028061970184),
[2024-09-24 20:49:22,857][flwr][INFO] - 	              (66, 0.1824028061970184),
[2024-09-24 20:49:22,857][flwr][INFO] - 	              (67, 0.1373867290266004),
[2024-09-24 20:49:22,857][flwr][INFO] - 	              (68, 0.1373867290266004),
[2024-09-24 20:49:22,857][flwr][INFO] - 	              (69, 0.1373867290266004),
[2024-09-24 20:49:22,857][flwr][INFO] - 	              (70, 0.1373867290266004),
[2024-09-24 20:49:22,857][flwr][INFO] - 	              (71, 0.16924875767319497),
[2024-09-24 20:49:22,857][flwr][INFO] - 	              (72, 0.1824028061970184),
[2024-09-24 20:49:22,857][flwr][INFO] - 	              (73, 0.1824028061970184),
[2024-09-24 20:49:22,857][flwr][INFO] - 	              (74, 0.19467991815258695),
[2024-09-24 20:49:22,857][flwr][INFO] - 	              (75, 0.1824028061970184),
[2024-09-24 20:49:22,857][flwr][INFO] - 	              (76, 0.1824028061970184),
[2024-09-24 20:49:22,857][flwr][INFO] - 	              (77, 0.1824028061970184),
[2024-09-24 20:49:22,857][flwr][INFO] - 	              (78, 0.1824028061970184),
[2024-09-24 20:49:22,857][flwr][INFO] - 	              (79, 0.1373867290266004),
[2024-09-24 20:49:22,857][flwr][INFO] - 	              (80, 0.1373867290266004),
[2024-09-24 20:49:22,857][flwr][INFO] - 	              (81, 0.19467991815258695),
[2024-09-24 20:49:22,857][flwr][INFO] - 	              (82, 0.1824028061970184),
[2024-09-24 20:49:22,858][flwr][INFO] - 	              (83, 0.1824028061970184),
[2024-09-24 20:49:22,858][flwr][INFO] - 	              (84, 0.19467991815258695),
[2024-09-24 20:49:22,858][flwr][INFO] - 	              (85, 0.19467991815258695),
[2024-09-24 20:49:22,858][flwr][INFO] - 	              (86, 0.16924875767319497),
[2024-09-24 20:49:22,858][flwr][INFO] - 	              (87, 0.16924875767319497),
[2024-09-24 20:49:22,858][flwr][INFO] - 	              (88, 0.16924875767319497),
[2024-09-24 20:49:22,858][flwr][INFO] - 	              (89, 0.1824028061970184),
[2024-09-24 20:49:22,858][flwr][INFO] - 	              (90, 0.16924875767319497),
[2024-09-24 20:49:22,858][flwr][INFO] - 	              (91, 0.16924875767319497),
[2024-09-24 20:49:22,858][flwr][INFO] - 	              (92, 0.16924875767319497),
[2024-09-24 20:49:22,858][flwr][INFO] - 	              (93, 0.19467991815258695),
[2024-09-24 20:49:22,858][flwr][INFO] - 	              (94, 0.1824028061970184),
[2024-09-24 20:49:22,858][flwr][INFO] - 	              (95, 0.19467991815258695),
[2024-09-24 20:49:22,858][flwr][INFO] - 	              (96, 0.19467991815258695),
[2024-09-24 20:49:22,858][flwr][INFO] - 	              (97, 0.19467991815258695),
[2024-09-24 20:49:22,858][flwr][INFO] - 	              (98, 0.19467991815258695),
[2024-09-24 20:49:22,858][flwr][INFO] - 	              (99, 0.19467991815258695),
[2024-09-24 20:49:22,858][flwr][INFO] - 	              (100, 0.19467991815258695)]}
[2024-09-24 20:49:22,858][flwr][INFO] - 
